iMPACT Version: G.23
iMPACT log file Started on 2009/05/21 09:21:35
// *** BATCH CMD : setPreference -pref UserLevel:NOVICE
// *** BATCH CMD : setPreference -pref MessageLevel:DETAILED
// *** BATCH CMD : setPreference -pref ConcurrentMode:FALSE
// *** BATCH CMD : setPreference -pref UseHighz:FALSE
// *** BATCH CMD : setPreference -pref ConfigOnFailure:STOP
// *** BATCH CMD : setPreference -pref StartupCLock:AUTO_CORRECTION
// *** BATCH CMD : setPreference -pref AutoSignature:FALSE
// *** BATCH CMD : setPreference -pref KeepSVF:FALSE
// *** BATCH CMD : setPreference -pref svfUseTime:FALSE
// *** BATCH CMD : setPreference -pref UserLevel:NOVICE
// *** BATCH CMD : setPreference -pref MessageLevel:DETAILED
// *** BATCH CMD : setPreference -pref ConcurrentMode:FALSE
// *** BATCH CMD : setPreference -pref UseHighz:FALSE
// *** BATCH CMD : setPreference -pref ConfigOnFailure:STOP
// *** BATCH CMD : setPreference -pref StartupCLock:AUTO_CORRECTION
// *** BATCH CMD : setPreference -pref AutoSignature:FALSE
// *** BATCH CMD : setPreference -pref KeepSVF:FALSE
// *** BATCH CMD : setPreference -pref svfUseTime:FALSE
// *** BATCH CMD : setMode -pff
// *** BATCH CMD : setMode -pff
// *** BATCH CMD : setMode -pff
// *** BATCH CMD : setSubmode -pffserial
// *** BATCH CMD : setAttribute -configdevice -attr name -value "PFFConfigDevice"
// *** BATCH CMD : setAttribute -configdevice -attr size -value "0"
// *** BATCH CMD : addCollection -name "top"
// *** BATCH CMD : setAttribute -collection -attr dir -value "UP"
// *** BATCH CMD : addDesign -version 0 -name "0000"
// *** BATCH CMD : addDeviceChain -index 0
// *** BATCH CMD : addDevice -position 1 -file "F:\RateMeter\GenFreq\ratemeter.bit"
'1': Loading file 'F:\RateMeter\GenFreq\ratemeter.bit' ...
INFO:iMPACT - Elapsed time =      0 sec.
done.
INFO:iMPACT:501 - '1': Added Device xc2s200 successfully.
----------------------------------------------------------------------
----------------------------------------------------------------------
GUI --- Add one device.
// *** BATCH CMD : setMode -pff
Collection : top
Design : 0
Device Chain : 0
----------------------------------------------------------------------
Position	PartName       	FileName            
1       	xc2s200        	F:\RateMeter\GenFreq\ratemeter.bit
----------------------------------------------------------------------
// *** BATCH CMD : setAttribute -configdevice -attr fillValue -value "FF"
// *** BATCH CMD : setAttribute -configdevice -attr fileFormat -value "mcs"
// *** BATCH CMD : setAttribute -collection -attr dir -value "UP"
// *** BATCH CMD : setAttribute -configdevice -attr path -value "f:\ratemeter\genfreq/"
// *** BATCH CMD : setAttribute -collection -attr name -value "top"
// *** BATCH CMD : generate -generic
'1': Added Device xc17v01 successfully.
----------------------------------------------------------------------
----------------------------------------------------------------------
Generating Prom file using the following auto generated Prom(s):
xc17v01
----------------------------------------------------------------------
0x28c44 (166980) bytes loaded up from 0x0
Using user-specified prom size of 205K
Writing file "f:\ratemeter\genfreq//top.mcs".
Writing file "f:\ratemeter\genfreq//top.prm".
Writing file "f:\ratemeter\genfreq//top.sig".
GUI --- Total configuration bit size = 1335840 bits.
GUI --- Total configuration byte size = 166980 bytes.
*****   Closing iMPACT program.   *****
--
// *** BATCH CMD : Program -p 1 -e -v -loadfpga 
PROGRESS_START - Starting Operation.
Validating chain...
Boundary-scan chain validated successfully.
'1': Putting device in ISP mode...done.
'1': Erasing device...done.
'1': Erasure completed successfully.
'1': Putting device in ISP mode...done.
'1': Programming device...done.
'1': Putting device in ISP mode...done.
'1': Putting device in ISP mode...done.
'1': Verifying device...done.
'1': Verification completed successfully.
'1': Calculated checksum matches expected checksum, 00222b14b
'1': Putting device in ISP mode...done.
'1': Setting user-programmable bits...
done.
'1': Starting FPGA Load with Prom Data...INFO:iMPACT:563 - '1':Please ensure proper connections as specified by the data book ...
'1': Programming completed successfully.
PROGRESS_END - End Operation.
Elapsed time =     27 sec.
*****   Closing iMPACT program.   *****
----------------------------------------------------------------------
----------------------------------------------------------------------
