--------------------------------------------------------------------------------
Release 6.1i Trace G.23
Copyright (c) 1995-2003 Xilinx, Inc.  All rights reserved.

C:/Xilinx/bin/nt/trce.exe -intstyle ise -e 3 -l 3 -xml freq freq.ncd -o
freq.twr freq.pcf


Design file:              freq.ncd
Physical constraint file: freq.pcf
Device,speed:             xc2s200,-5 (PRODUCTION 1.27 2003-06-19)
Report level:             error report

Environment Variable      Effect 
--------------------      ------ 
NONE                      No environment variables were set
--------------------------------------------------------------------------------

INFO:Timing:2698 - No timing constraints found, doing default enumeration.
INFO:Timing:2752 - To get complete path coverage, use the unconstrained paths
   option. All paths that are not constrained will be reported in the
   unconstrained paths section(s) of the report.


Data Sheet report:
-----------------
All values displayed in nanoseconds (ns)

Setup/Hold to clock clk
------------+------------+------------+------------------+--------+
            |  Setup to  |  Hold to   |                  |  Clock |
Source      | clk (edge) | clk (edge) |Internal Clock(s) |  Phase |
------------+------------+------------+------------------+--------+
dipsw<0>    |    2.827(R)|   -1.661(R)|clk_BUFGP         |   0.000|
dipsw<1>    |    2.514(R)|   -1.651(R)|clk_BUFGP         |   0.000|
dipsw<2>    |    2.236(R)|   -1.445(R)|clk_BUFGP         |   0.000|
sw1         |    2.436(R)|   -0.737(R)|clk_BUFGP         |   0.000|
------------+------------+------------+------------------+--------+

Clock clk to Pad
-------------+------------+------------------+--------+
             | clk (edge) |                  |  Clock |
Destination  | to PAD     |Internal Clock(s) |  Phase |
-------------+------------+------------------+--------+
modified_freq|   15.033(R)|clk_BUFGP         |   0.000|
noisepulse   |   17.583(R)|clk_BUFGP         |   0.000|
pulseout     |   17.777(R)|clk_BUFGP         |   0.000|
-------------+------------+------------------+--------+

Clock to Setup on destination clock clk
---------------+---------+---------+---------+---------+
               | Src:Rise| Src:Fall| Src:Rise| Src:Fall|
Source Clock   |Dest:Rise|Dest:Rise|Dest:Fall|Dest:Fall|
---------------+---------+---------+---------+---------+
clk            |    7.838|         |         |         |
---------------+---------+---------+---------+---------+

Analysis completed Wed May 20 12:11:17 2009
--------------------------------------------------------------------------------

Peak Memory Usage: 50 MB
