Fri Dec 09 10:50:50 Log file reset
Fri Dec 09 10:50:50 Loaded file BACKUP0.MAX
Fri Dec 09 11:00:51 Saved as file BACKUP1.MAX
Fri Dec 09 11:11:51 Saved as file BACKUP1.MAX
Fri Dec 09 11:12:21 Error code 0037.386 (716)
Fri Dec 09 11:12:21 Saved as file Backup0.max
Fri Dec 09 11:12:21 Windows which were open at time of error:
Fri Dec 09 11:12:21 	ActiveWindow: &Design
Fri Dec 09 11:12:21 	Icon: &Components
Fri Dec 09 11:12:21 	Icon: &Nets
Fri Dec 09 11:12:21 	Icon: Post Proces&s
Fri Dec 09 11:12:21 End-of-list
Fri Dec 09 11:12:21 Loaded file BACKUP0.MAX
Fri Dec 09 11:17:03 Saved as file G:\DRM V3R3\DRM1-26.MAX
Fri Dec 09 11:18:20 Saved as file G:\DRM V3R3\DRM1-26.MAX
Fri Dec 09 11:23:51 Saved as file BACKUP1.MAX
Fri Dec 09 11:34:21 Saved as file BACKUP1.MAX
Fri Dec 09 11:44:51 Saved as file BACKUP1.MAX
Fri Dec 09 11:55:21 Saved as file BACKUP1.MAX
Fri Dec 09 12:05:51 Saved as file BACKUP1.MAX
Fri Dec 09 12:16:21 Saved as file BACKUP1.MAX
Fri Dec 09 12:26:51 Saved as file BACKUP1.MAX
Fri Dec 09 12:37:21 Saved as file BACKUP1.MAX
Fri Dec 09 12:47:51 Saved as file BACKUP1.MAX
Fri Dec 09 12:58:21 Saved as file BACKUP1.MAX
Fri Dec 09 13:08:51 Saved as file BACKUP1.MAX
Fri Dec 09 13:19:21 Saved as file BACKUP1.MAX
Fri Dec 09 13:29:51 Saved as file BACKUP1.MAX
Fri Dec 09 13:40:21 Saved as file BACKUP1.MAX
Fri Dec 09 13:50:51 Saved as file BACKUP1.MAX
Fri Dec 09 14:01:21 Saved as file BACKUP1.MAX
Fri Dec 09 14:11:51 Saved as file BACKUP1.MAX
Fri Dec 09 14:22:21 Saved as file BACKUP1.MAX
Fri Dec 09 14:32:51 Saved as file BACKUP1.MAX
Fri Dec 09 14:38:37 Saved as file G:\DRM V3R3\DRM1-26.MAX
Fri Dec 09 15:00:23 Loaded file C:\OrCAD\OrCAD_10.5\tools\Layout\data\template.imp
Fri Dec 09 15:00:23 Loaded file C:\OrCAD\OrCAD_10.5\tools\Layout\data\template.imp
Fri Dec 09 15:00:24 Loaded file C:\OrCAD\OrCAD_10.5\tools\Layout\library\BCON100T.llb
Fri Dec 09 15:00:25 Loaded file C:\OrCAD\OrCAD_10.5\tools\Layout\library\LAYOUT.llb
Fri Dec 09 15:00:27 Loaded file C:\OrCAD\OrCAD_10.5\tools\Layout\data\template.imp
Fri Dec 09 15:00:48 Saved as file ~undo.max
Fri Dec 09 15:00:59 Saved as file ~undo.max
Fri Dec 09 15:01:01 Saved as file ~undo.max
Fri Dec 09 15:01:08 Saved as file ~undo.max
Fri Dec 09 15:03:45 Saved as file ~undo.max
Fri Dec 09 15:05:30 Saved as file ~undo.max
Fri Dec 09 15:06:03 Saved as file ~undo.max
Fri Dec 09 15:06:34 Saved as file ~undo.max
Fri Dec 09 15:06:52 Saved as file G:\DRM V3R3\DRM1-26.MAX
Fri Dec 09 15:08:33 Saved as file ~undo.max
Fri Dec 09 15:08:34 Saved as file ~undo2.max
Fri Dec 09 15:08:34 Loaded file ~undo.max
Fri Dec 09 15:09:15 Saved as file ~undo.max
Fri Dec 09 15:09:29 Saved as file ~undo.max
Fri Dec 09 15:09:40 Saved as file ~undo.max
Fri Dec 09 15:10:29 Saved as file ~undo.max
Fri Dec 09 15:10:51 Saved as file BACKUP1.MAX
Fri Dec 09 15:10:55 Saved as file ~undo.max
Fri Dec 09 15:11:01 Error code 0037.386 (716)
Fri Dec 09 15:11:01 Saved as file Backup0.max
Fri Dec 09 15:11:01 Windows which were open at time of error:
Fri Dec 09 15:11:01 	ActiveWindow: &Design
Fri Dec 09 15:11:01 	Icon: &Components
Fri Dec 09 15:11:01 	Icon: &Nets
Fri Dec 09 15:11:01 	Icon: Post Proces&s
Fri Dec 09 15:11:01 End-of-list
Fri Dec 09 15:11:01 Loaded file BACKUP0.MAX
Fri Dec 09 15:11:57 Error code 0037.386 (716)
Fri Dec 09 15:11:57 Saved as file Backup0.max
Fri Dec 09 15:11:57 Windows which were open at time of error:
Fri Dec 09 15:11:57 	ActiveWindow: &Design
Fri Dec 09 15:11:57 	Icon: &Components
Fri Dec 09 15:11:57 	Icon: &Nets
Fri Dec 09 15:11:57 	Icon: Post Proces&s
Fri Dec 09 15:11:57 End-of-list
Fri Dec 09 15:11:57 Loaded file BACKUP0.MAX
Fri Dec 09 15:13:32 Saved as file ~undo.max
Fri Dec 09 15:14:16 Saved as file ~undo.max
Fri Dec 09 15:14:52 Saved as file ~undo.max
Fri Dec 09 15:15:41 Saved as file ~undo.max
Fri Dec 09 15:16:49 Saved as file ~undo.max
Fri Dec 09 15:17:10 Saved as file ~undo.max
Fri Dec 09 15:17:33 Saved as file ~undo.max
Fri Dec 09 15:18:31 Saved as file ~undo.max
Fri Dec 09 15:22:27 Saved as file BACKUP1.MAX
Fri Dec 09 15:23:10 Saved as file ~undo.max
Fri Dec 09 15:23:51 Saved as file ~undo.max
Fri Dec 09 15:24:26 Saved as file ~undo.max
Fri Dec 09 15:25:10 Saved as file ~undo.max
Fri Dec 09 15:26:07 Saved as file ~undo.max
Fri Dec 09 15:26:30 Saved as file G:\DRM V3R3\DRM1-26.MAX
Fri Dec 09 15:28:10 Saved as file ~undo.max
Fri Dec 09 15:29:21 Saved as file ~undo.max
Fri Dec 09 15:31:53 Saved as file ~undo.max
Fri Dec 09 15:32:57 Saved as file BACKUP1.MAX
Fri Dec 09 15:33:00 Saved as file ~undo.max
Fri Dec 09 15:33:48 Saved as file G:\DRM V3R3\DRM1-26.MAX
Fri Dec 09 15:34:36 Saved as file ~undo.max
Fri Dec 09 15:34:51 Saved as file ~undo.max
Fri Dec 09 15:35:00 Saved as file ~undo2.max
Fri Dec 09 15:35:00 Loaded file ~undo.max
Fri Dec 09 15:35:51 Saved as file ~undo.max
Fri Dec 09 15:36:00 Saved as file ~undo.max
Fri Dec 09 15:36:11 Saved as file ~undo.max
Fri Dec 09 15:37:07 Saved as file ~undo.max
Fri Dec 09 15:38:05 Saved as file G:\DRM V3R3\DRM1-26.MAX
Fri Dec 09 15:39:33 Saved as file ~undo.max
Fri Dec 09 15:41:51 Saved as file ~undo.max
Fri Dec 09 15:41:56 Saved as file G:\DRM V3R3\DRM1-26.MAX
Fri Dec 09 15:42:26 Saved as file G:\DRM V3R3\DRM1-26.MAX
Fri Dec 09 15:47:56 Saved as file G:\DRM V3R3\DRM1-26.MAX
Mon Dec 12 09:34:47 Saved as file ~undo.max
Mon Dec 12 09:35:35 Saved as file ~undo.max
Mon Dec 12 09:36:39 Saved as file ~undo.max
Mon Dec 12 09:38:11 Saved as file ~undo.max
Mon Dec 12 09:38:35 Saved as file ~undo.max
Mon Dec 12 09:39:01 Saved as file ~undo.max
Mon Dec 12 09:39:29 Saved as file ~undo.max
Mon Dec 12 09:39:51 Saved as file ~undo.max
Mon Dec 12 09:40:17 Saved as file ~undo.max
Mon Dec 12 09:41:21 Saved as file G:\DRM V3R3\DRM1-26.MAX
Mon Dec 12 09:42:59 Saved as file BACKUP1.MAX
Mon Dec 12 09:53:25 Saved as file BACKUP1.MAX
Mon Dec 12 10:03:55 Saved as file BACKUP1.MAX
Mon Dec 12 10:14:25 Saved as file BACKUP1.MAX
Mon Dec 12 10:19:21 Saved as file G:\DRM V3R3\DRM1-26.MAX
Mon Dec 12 10:19:23 Saved as file ~undo.max
Mon Dec 12 10:25:25 Saved as file BACKUP1.MAX
Mon Dec 12 10:26:24 Saved as file G:\DRM V3R3\DRM1-26.MAX
Mon Dec 12 10:33:37 Saved as file ~undo.max
Mon Dec 12 10:35:33 Saved as file ~undo.max
Mon Dec 12 10:35:55 Saved as file BACKUP1.MAX
Mon Dec 12 10:35:57 Saved as file G:\DRM V3R3\DRM1-26.MAX
Mon Dec 12 10:37:15 Saved as file G:\DRM V3R3\DRM1-26.MAX
Mon Dec 12 10:37:19 Saved as file G:\DRM V3R3\DRM1-26.MAX
Mon Dec 12 10:46:25 Saved as file BACKUP1.MAX
Mon Dec 12 10:56:55 Saved as file BACKUP1.MAX
Mon Dec 12 11:07:25 Saved as file BACKUP1.MAX
Mon Dec 12 14:35:42 Saved as file G:\DRM V3R3\DRM1-26.MAX
Mon Dec 12 14:36:32 Saved as file G:\DRM V3R3\DRM1-26.MAX
Mon Dec 12 14:44:37 Saved as file BACKUP1.MAX
Mon Dec 12 14:51:11 Saved as file G:\DRM V3R3\DRM1-26.MAX
Mon Dec 12 14:55:07 Saved as file BACKUP1.MAX
Mon Dec 12 15:05:37 Saved as file BACKUP1.MAX
Mon Dec 12 15:16:07 Saved as file BACKUP1.MAX
Mon Dec 12 15:26:37 Saved as file BACKUP1.MAX
Mon Dec 12 15:33:53 Saved as file G:\DRM V3R3\DRM1-26.MAX
Mon Dec 12 15:37:07 Saved as file BACKUP1.MAX
Mon Dec 12 15:39:49 Saved as file ~undo.max
Mon Dec 12 15:39:51 Saved as file ~undo.max
Mon Dec 12 15:40:00 Saved as file ~undo.max
Mon Dec 12 15:40:12 Saved as file ~undo.max
Mon Dec 12 15:40:39 Saved as file ~undo.max
Mon Dec 12 15:41:01 Saved as file ~undo.max
Mon Dec 12 15:41:05 Saved as file ~undo.max
Mon Dec 12 15:41:20 Saved as file ~undo.max
Mon Dec 12 15:41:33 Saved as file ~undo.max
Mon Dec 12 15:43:40 Saved as file ~undo.max
Mon Dec 12 15:43:55 Saved as file ~undo.max
Mon Dec 12 15:44:12 Saved as file ~undo.max
Mon Dec 12 15:44:17 Saved as file ~undo.max
Mon Dec 12 15:45:24 Saved as file ~undo.max
Mon Dec 12 15:45:32 Saved as file ~undo.max
Mon Dec 12 15:46:03 Saved as file ~undo.max
Mon Dec 12 15:46:48 Saved as file ~undo.max
Mon Dec 12 15:47:37 Saved as file BACKUP1.MAX
Mon Dec 12 15:48:15 Saved as file ~undo.max
Mon Dec 12 15:48:28 Saved as file ~undo.max
Mon Dec 12 15:48:58 Saved as file ~undo.max
Mon Dec 12 15:51:18 Saved as file ~undo.max
Mon Dec 12 15:53:12 Saved as file ~undo.max
Mon Dec 12 15:53:25 Saved as file ~undo.max
Mon Dec 12 15:53:29 Saved as file ~undo.max
Mon Dec 12 15:57:12 Saved as file ~undo.max
Mon Dec 12 15:57:17 Saved as file ~undo2.max
Mon Dec 12 15:57:17 Loaded file ~undo.max
Mon Dec 12 15:58:02 Saved as file ~undo.max
Mon Dec 12 15:58:07 Saved as file BACKUP1.MAX
Mon Dec 12 15:58:08 Saved as file ~undo2.max
Mon Dec 12 15:58:08 Loaded file ~undo.max
Mon Dec 12 15:59:02 Saved as file ~undo.max
Mon Dec 12 15:59:20 Saved as file ~undo.max
Mon Dec 12 16:00:37 Saved as file ~undo.max
Mon Dec 12 16:01:02 Saved as file ~undo.max
Mon Dec 12 16:01:16 Saved as file ~undo.max
Mon Dec 12 16:02:18 Saved as file ~undo.max
Mon Dec 12 16:04:37 Saved as file ~undo.max
Mon Dec 12 16:04:54 Saved as file ~undo.max
Mon Dec 12 16:05:01 Saved as file ~undo.max
Mon Dec 12 16:05:29 Saved as file ~undo.max
Mon Dec 12 16:06:00 Saved as file ~undo.max
Mon Dec 12 16:07:28 Saved as file ~undo.max
Mon Dec 12 16:08:37 Saved as file BACKUP1.MAX
Mon Dec 12 16:09:21 Saved as file ~undo.max
Mon Dec 12 16:09:39 Saved as file ~undo.max
Mon Dec 12 16:09:47 Saved as file ~undo.max
Mon Dec 12 16:11:08 Saved as file ~undo.max
Mon Dec 12 16:11:59 Saved as file ~undo.max
Mon Dec 12 16:12:52 Saved as file ~undo.max
Mon Dec 12 16:13:12 Saved as file ~undo.max
Mon Dec 12 16:14:21 Saved as file ~undo.max
Mon Dec 12 16:15:09 Saved as file ~undo.max
Mon Dec 12 16:16:09 Saved as file ~undo.max
Mon Dec 12 16:18:02 Saved as file ~undo.max
Mon Dec 12 16:18:29 Saved as file G:\DRM V3R3\DRM1-26.MAX
Mon Dec 12 16:19:07 Saved as file BACKUP1.MAX
Mon Dec 12 16:19:46 Saved as file ~undo.max
Mon Dec 12 16:20:08 Saved as file G:\DRM V3R3\DRM1-26.MAX
Mon Dec 12 16:21:47 Saved as file G:\DRM V3R3\DRM1-26.MAX
Tue Dec 13 09:00:12 Loaded file C:\OrCAD\OrCAD_10.5\tools\Layout\data\template.imp
Tue Dec 13 09:00:12 Loaded file C:\OrCAD\OrCAD_10.5\tools\Layout\data\template.imp
Tue Dec 13 09:00:12 Loaded file C:\OrCAD\OrCAD_10.5\tools\Layout\data\template.imp
Tue Dec 13 09:00:12 Loaded file C:\OrCAD\OrCAD_10.5\tools\Layout\data\template.imp
Tue Dec 13 09:01:07 Loaded file C:\OrCAD\OrCAD_10.5\tools\Layout\data\template.imp
Tue Dec 13 09:01:07 Loaded file C:\OrCAD\OrCAD_10.5\tools\Layout\data\template.imp
Tue Dec 13 09:01:07 Loaded file C:\OrCAD\OrCAD_10.5\tools\Layout\data\template.imp
Tue Dec 13 09:01:07 Loaded file C:\OrCAD\OrCAD_10.5\tools\Layout\data\template.imp
Tue Dec 13 09:01:08 Loaded file C:\ORCAD\ORCAD_10.5\TOOLS\LAYOUT\LIBRARY\COMMON.LLB
Tue Dec 13 09:01:18 Loaded file C:\OrCAD\OrCAD_10.5\tools\Layout\data\template.imp
Tue Dec 13 09:01:42 Saved as file ~undo.max
Tue Dec 13 09:01:48 Saved as file G:\DRM V3R3\DRM1-26.MAX
Tue Dec 13 09:07:23 Saved as file G:\DRM V3R3\DRM1-26.MAX
Tue Dec 13 09:08:14 Saved as file BACKUP1.MAX
Tue Dec 13 09:19:00 Saved as file BACKUP1.MAX
Tue Dec 13 10:11:21 Saved as file ~undo.max
Tue Dec 13 10:13:52 Saved as file ~undo.max
Tue Dec 13 10:13:53 Saved as file ~undo2.max
Tue Dec 13 10:13:53 Loaded file ~undo.max
Tue Dec 13 10:14:17 Saved as file ~undo.max
Tue Dec 13 10:14:19 Saved as file ~undo2.max
Tue Dec 13 10:14:19 Loaded file ~undo.max
Tue Dec 13 10:15:43 Saved as file ~undo.max
Tue Dec 13 10:16:03 Saved as file ~undo.max
Tue Dec 13 10:16:19 Saved as file ~undo.max
Tue Dec 13 10:17:11 Saved as file ~undo.max
Tue Dec 13 10:17:24 Saved as file ~undo.max
Tue Dec 13 10:18:03 Saved as file ~undo.max
Tue Dec 13 10:18:31 Saved as file ~undo.max
Tue Dec 13 10:18:40 Saved as file ~undo.max
Tue Dec 13 10:18:48 Saved as file ~undo.max
Tue Dec 13 10:18:49 Saved as file ~undo.max
Tue Dec 13 10:19:53 Saved as file ~undo.max
Tue Dec 13 10:20:11 Saved as file ~undo.max
Tue Dec 13 10:20:13 Saved as file BACKUP1.MAX
Tue Dec 13 10:20:16 Saved as file ~undo.max
Tue Dec 13 10:21:02 Saved as file ~undo.max
Tue Dec 13 10:23:13 Saved as file ~undo.max
Tue Dec 13 10:25:47 Saved as file ~undo.max
Tue Dec 13 10:25:51 Saved as file ~undo.max
Tue Dec 13 10:30:43 Saved as file BACKUP1.MAX
Tue Dec 13 10:31:22 Saved as file ~undo.max
Tue Dec 13 10:32:32 Saved as file ~undo.max
Tue Dec 13 10:32:34 Saved as file ~undo.max
Tue Dec 13 10:36:19 Saved as file ~undo.max
Tue Dec 13 10:36:53 Saved as file ~undo.max
Tue Dec 13 10:38:47 Saved as file ~undo.max
Tue Dec 13 10:38:50 Saved as file ~undo.max
Tue Dec 13 10:38:53 Saved as file ~undo.max
Tue Dec 13 10:38:56 Saved as file ~undo.max
Tue Dec 13 10:39:13 Saved as file ~undo.max
Tue Dec 13 10:39:16 Saved as file ~undo.max
Tue Dec 13 10:39:19 Saved as file ~undo.max
Tue Dec 13 10:39:20 Saved as file ~undo.max
Tue Dec 13 10:39:31 Saved as file ~undo.max
Tue Dec 13 10:39:34 Saved as file ~undo.max
Tue Dec 13 10:39:37 Saved as file ~undo.max
Tue Dec 13 10:39:43 Saved as file ~undo.max
Tue Dec 13 10:39:56 Saved as file ~undo.max
Tue Dec 13 10:40:22 Saved as file ~undo.max
Tue Dec 13 10:40:35 Saved as file ~undo.max
Tue Dec 13 10:40:54 Saved as file BACKUP1.MAX
Tue Dec 13 10:44:58 Saved as file ~undo.max
Tue Dec 13 10:45:12 Saved as file ~undo.max
Tue Dec 13 10:45:28 Saved as file ~undo.max
Tue Dec 13 10:48:19 Saved as file ~undo.max
Tue Dec 13 10:48:35 Saved as file ~undo.max
Tue Dec 13 10:49:29 Saved as file ~undo.max
Tue Dec 13 10:51:13 Saved as file BACKUP1.MAX
Tue Dec 13 10:52:03 Saved as file ~undo.max
Tue Dec 13 10:52:08 Saved as file ~undo.max
Tue Dec 13 10:54:01 Saved as file ~undo.max
Tue Dec 13 10:55:51 Saved as file ~undo.max
Tue Dec 13 10:56:18 Saved as file ~undo.max
Tue Dec 13 10:56:22 Saved as file ~undo.max
Tue Dec 13 10:56:48 Saved as file ~undo.max
Tue Dec 13 10:57:03 Saved as file ~undo.max
Tue Dec 13 10:57:08 Saved as file ~undo.max
Tue Dec 13 10:57:15 Saved as file ~undo.max
Tue Dec 13 10:58:08 Saved as file ~undo.max
Tue Dec 13 10:58:13 Saved as file ~undo.max
Tue Dec 13 10:59:38 Saved as file ~undo.max
Tue Dec 13 11:00:25 Saved as file ~undo.max
Tue Dec 13 11:01:43 Saved as file BACKUP1.MAX
Tue Dec 13 11:02:52 Saved as file ~undo.max
Tue Dec 13 11:05:10 Saved as file ~undo.max
Tue Dec 13 11:07:05 Saved as file ~undo.max
Tue Dec 13 11:08:07 Saved as file ~undo.max
Tue Dec 13 11:08:15 Saved as file ~undo.max
Tue Dec 13 11:09:26 Saved as file ~undo.max
Tue Dec 13 11:12:13 Saved as file BACKUP1.MAX
Tue Dec 13 11:13:02 Saved as file ~undo.max
Tue Dec 13 11:20:27 Saved as file ~undo.max
Tue Dec 13 11:20:36 Saved as file ~undo.max
Tue Dec 13 11:21:19 Saved as file ~undo.max
Tue Dec 13 11:21:47 Saved as file ~undo.max
Tue Dec 13 11:22:29 Saved as file ~undo.max
Tue Dec 13 11:22:43 Saved as file BACKUP1.MAX
Tue Dec 13 11:22:56 Saved as file ~undo.max
Tue Dec 13 11:23:20 Saved as file ~undo.max
Tue Dec 13 11:24:25 Saved as file ~undo.max
Tue Dec 13 11:24:43 Saved as file ~undo.max
Tue Dec 13 11:26:30 Saved as file ~undo.max
Tue Dec 13 11:30:06 Saved as file ~undo.max
Tue Dec 13 11:31:44 Saved as file ~undo.max
Tue Dec 13 11:33:01 Loaded file C:\OrCAD\OrCAD_10.5\tools\Layout\data\template.imp
Tue Dec 13 11:33:01 Loaded file C:\OrCAD\OrCAD_10.5\tools\Layout\data\template.imp
Tue Dec 13 11:33:01 Loaded file C:\OrCAD\OrCAD_10.5\tools\Layout\data\template.imp
Tue Dec 13 11:33:01 Loaded file C:\OrCAD\OrCAD_10.5\tools\Layout\data\template.imp
Tue Dec 13 11:33:13 Saved as file BACKUP1.MAX
Tue Dec 13 11:33:27 Loaded file C:\OrCAD\OrCAD_10.5\tools\Layout\data\template.imp
Tue Dec 13 11:33:27 Loaded file C:\OrCAD\OrCAD_10.5\tools\Layout\data\template.imp
Tue Dec 13 11:33:27 Loaded file C:\OrCAD\OrCAD_10.5\tools\Layout\data\template.imp
Tue Dec 13 11:33:27 Loaded file C:\OrCAD\OrCAD_10.5\tools\Layout\data\template.imp
Tue Dec 13 11:33:29 Loaded file C:\ORCAD\ORCAD_10.5\TOOLS\LAYOUT\LIBRARY\COMMON.LLB
Tue Dec 13 11:33:34 Loaded file C:\OrCAD\OrCAD_10.5\tools\Layout\data\template.imp
Tue Dec 13 11:33:46 Saved as file ~undo.max
Tue Dec 13 11:33:54 Loaded file C:\OrCAD\OrCAD_10.5\tools\Layout\data\template.imp
Tue Dec 13 11:33:54 Loaded file C:\OrCAD\OrCAD_10.5\tools\Layout\data\template.imp
Tue Dec 13 11:33:54 Loaded file C:\OrCAD\OrCAD_10.5\tools\Layout\data\template.imp
Tue Dec 13 11:33:54 Loaded file C:\OrCAD\OrCAD_10.5\tools\Layout\data\template.imp
Tue Dec 13 11:33:58 Loaded file C:\OrCAD\OrCAD_10.5\tools\Layout\data\template.imp
Tue Dec 13 11:33:58 Loaded file C:\OrCAD\OrCAD_10.5\tools\Layout\data\template.imp
Tue Dec 13 11:33:58 Loaded file C:\OrCAD\OrCAD_10.5\tools\Layout\data\template.imp
Tue Dec 13 11:33:58 Loaded file C:\OrCAD\OrCAD_10.5\tools\Layout\data\template.imp
Tue Dec 13 11:34:12 Saved as file ~undo.max
Tue Dec 13 11:34:15 Loaded file C:\OrCAD\OrCAD_10.5\tools\Layout\data\template.imp
Tue Dec 13 11:34:15 Loaded file C:\OrCAD\OrCAD_10.5\tools\Layout\data\template.imp
Tue Dec 13 11:34:15 Loaded file C:\OrCAD\OrCAD_10.5\tools\Layout\data\template.imp
Tue Dec 13 11:34:15 Loaded file C:\OrCAD\OrCAD_10.5\tools\Layout\data\template.imp
Tue Dec 13 11:34:16 Loaded file C:\OrCAD\OrCAD_10.5\tools\Layout\library\BCON100T.llb
Tue Dec 13 11:34:17 Loaded file C:\ORCAD\ORCAD_10.5\TOOLS\LAYOUT\LIBRARY\COMMON.LLB
Tue Dec 13 11:34:21 Loaded file C:\OrCAD\OrCAD_10.5\tools\Layout\data\template.imp
Tue Dec 13 11:34:29 Saved as file ~undo.max
Tue Dec 13 11:35:47 Saved as file ~undo.max
Tue Dec 13 11:35:57 Saved as file ~undo.max
Tue Dec 13 11:36:03 Saved as file ~undo.max
Tue Dec 13 11:36:30 Saved as file ~undo.max
Tue Dec 13 11:37:11 Saved as file ~undo.max
Tue Dec 13 11:37:57 Saved as file ~undo.max
Tue Dec 13 11:43:43 Saved as file BACKUP1.MAX
Tue Dec 13 11:47:22 Saved as file ~undo.max
Tue Dec 13 11:47:52 Saved as file ~undo.max
Tue Dec 13 11:49:49 Saved as file ~undo.max
Tue Dec 13 11:52:19 Saved as file ~undo.max
Tue Dec 13 11:54:43 Saved as file BACKUP1.MAX
Tue Dec 13 11:55:41 Saved as file ~undo.max
Tue Dec 13 11:55:56 Saved as file ~undo.max
Tue Dec 13 11:55:57 Saved as file ~undo.max
Tue Dec 13 12:05:13 Saved as file BACKUP1.MAX
Tue Dec 13 12:06:22 Saved as file ~undo.max
Tue Dec 13 12:06:25 Saved as file ~undo2.max
Tue Dec 13 12:06:25 Loaded file ~undo.max
Tue Dec 13 12:15:43 Saved as file BACKUP1.MAX
Tue Dec 13 12:18:04 Saved as file ~undo.max
Tue Dec 13 12:18:06 Saved as file ~undo2.max
Tue Dec 13 12:18:06 Loaded file ~undo.max
Tue Dec 13 12:18:31 Saved as file ~undo.max
Tue Dec 13 12:18:33 Saved as file ~undo2.max
Tue Dec 13 12:18:33 Loaded file ~undo.max
Tue Dec 13 12:19:19 Saved as file ~undo.max
Tue Dec 13 12:19:21 Saved as file ~undo2.max
Tue Dec 13 12:19:21 Loaded file ~undo.max
Tue Dec 13 12:27:55 Loaded file G:\TDC_16CHANNEL V3_0_3-10-2011(DR. IRFAN)\TDC_16CHANNELN-28_N-2.MAX
Tue Dec 13 12:32:56 Saved as file G:\DRM V3R3\DRM1-26.MAX
Tue Dec 13 12:33:46 Saved as file ~undo.max
Tue Dec 13 12:34:07 Saved as file ~undo.max
Tue Dec 13 12:34:34 Saved as file ~undo.max
Tue Dec 13 12:36:21 Saved as file ~undo.max
Tue Dec 13 12:37:06 Saved as file ~undo.max
Tue Dec 13 12:37:09 Saved as file ~undo.max
Tue Dec 13 12:37:52 Saved as file ~undo.max
Tue Dec 13 12:38:03 Saved as file ~undo.max
Tue Dec 13 12:38:11 Saved as file ~undo.max
Tue Dec 13 12:39:14 Saved as file ~undo.max
Tue Dec 13 12:39:18 Saved as file ~undo.max
Tue Dec 13 12:39:24 Saved as file ~undo.max
Tue Dec 13 12:39:38 Saved as file BACKUP1.MAX
Tue Dec 13 12:39:45 Saved as file ~undo.max
Tue Dec 13 12:39:51 Saved as file ~undo.max
Tue Dec 13 12:40:16 Saved as file ~undo.max
Tue Dec 13 12:40:29 Saved as file ~undo.max
Tue Dec 13 12:41:39 Saved as file ~undo.max
Tue Dec 13 12:41:40 Saved as file ~undo.max
Tue Dec 13 12:42:04 Saved as file ~undo.max
Tue Dec 13 12:42:06 Saved as file ~undo.max
Tue Dec 13 12:42:26 Saved as file ~undo.max
Tue Dec 13 12:42:37 Saved as file ~undo.max
Tue Dec 13 12:42:38 Saved as file ~undo.max
Tue Dec 13 12:42:40 Saved as file ~undo.max
Tue Dec 13 12:42:42 Saved as file ~undo.max
Tue Dec 13 12:42:44 Saved as file ~undo.max
Tue Dec 13 12:42:52 Saved as file ~undo.max
Tue Dec 13 12:43:05 Saved as file ~undo.max
Tue Dec 13 12:43:27 Saved as file ~undo.max
Tue Dec 13 12:43:45 Saved as file ~undo.max
Tue Dec 13 12:43:51 Saved as file ~undo.max
Tue Dec 13 12:44:00 Saved as file ~undo.max
Tue Dec 13 12:44:14 Saved as file ~undo.max
Tue Dec 13 12:44:34 Saved as file ~undo.max
Tue Dec 13 12:44:42 Saved as file ~undo.max
Tue Dec 13 12:44:53 Saved as file ~undo.max
Tue Dec 13 12:44:56 Saved as file ~undo.max
Tue Dec 13 12:45:07 Saved as file ~undo.max
Tue Dec 13 12:45:15 Saved as file ~undo.max
Tue Dec 13 12:45:20 Saved as file ~undo.max
Tue Dec 13 12:45:23 Saved as file ~undo.max
Tue Dec 13 12:45:53 Saved as file ~undo.max
Tue Dec 13 12:46:07 Saved as file ~undo.max
Tue Dec 13 12:46:11 Saved as file ~undo.max
Tue Dec 13 12:46:14 Saved as file ~undo.max
Tue Dec 13 12:46:47 Saved as file ~undo.max
Tue Dec 13 12:47:03 Loaded file C:\OrCAD\OrCAD_10.5\tools\Layout\data\template.imp
Tue Dec 13 12:47:03 Loaded file C:\OrCAD\OrCAD_10.5\tools\Layout\data\template.imp
Tue Dec 13 12:47:03 Loaded file C:\OrCAD\OrCAD_10.5\tools\Layout\data\template.imp
Tue Dec 13 12:47:03 Loaded file C:\OrCAD\OrCAD_10.5\tools\Layout\data\template.imp
Tue Dec 13 12:47:04 Loaded file C:\ORCAD\ORCAD_10.5\TOOLS\LAYOUT\LIBRARY\COMMON.LLB
Tue Dec 13 12:47:11 Loaded file C:\OrCAD\OrCAD_10.5\tools\Layout\data\template.imp
Tue Dec 13 12:47:21 Saved as file ~undo.max
Tue Dec 13 12:47:35 Loaded file C:\OrCAD\OrCAD_10.5\tools\Layout\data\template.imp
Tue Dec 13 12:47:35 Loaded file C:\OrCAD\OrCAD_10.5\tools\Layout\data\template.imp
Tue Dec 13 12:47:35 Loaded file C:\OrCAD\OrCAD_10.5\tools\Layout\data\template.imp
Tue Dec 13 12:47:35 Loaded file C:\OrCAD\OrCAD_10.5\tools\Layout\data\template.imp
Tue Dec 13 12:47:36 Loaded file C:\ORCAD\ORCAD_10.5\TOOLS\LAYOUT\LIBRARY\COMMON.LLB
Tue Dec 13 12:47:40 Loaded file C:\OrCAD\OrCAD_10.5\tools\Layout\data\template.imp
Tue Dec 13 12:47:49 Saved as file ~undo.max
Tue Dec 13 12:49:44 Saved as file ~undo.max
Tue Dec 13 12:50:50 Saved as file ~undo.max
Tue Dec 13 12:51:08 Saved as file BACKUP1.MAX
Tue Dec 13 12:51:36 Saved as file ~undo.max
Tue Dec 13 12:52:25 Saved as file ~undo.max
Tue Dec 13 12:53:20 Saved as file ~undo.max
Tue Dec 13 12:54:55 Saved as file ~undo.max
Tue Dec 13 12:55:54 Saved as file ~undo.max
Tue Dec 13 12:55:57 Saved as file ~undo.max
Tue Dec 13 12:56:20 Saved as file ~undo.max
Tue Dec 13 12:56:41 Saved as file G:\DRM V3R3\DRM1-26.MAX
Tue Dec 13 12:57:22 Saved as file ~undo.max
Tue Dec 13 12:58:47 Saved as file G:\DRM V3R3\DRM1-26.MAX
Tue Dec 13 12:59:45 Saved as file ~undo.max
Tue Dec 13 13:00:01 Saved as file ~undo.max
Tue Dec 13 13:01:28 Saved as file ~undo.max
Tue Dec 13 13:01:53 Saved as file ~undo.max
Tue Dec 13 13:02:03 Saved as file ~undo.max
Tue Dec 13 13:03:34 Saved as file ~undo.max
Tue Dec 13 13:08:52 Saved as file BACKUP1.MAX
Tue Dec 13 13:09:39 Saved as file G:\DRM V3R3\DRM1-26.MAX
Tue Dec 13 13:12:05 Saved as file ~undo.max
Tue Dec 13 13:13:29 Saved as file ~undo.max
Tue Dec 13 13:13:49 Saved as file ~undo.max
Tue Dec 13 13:14:50 Saved as file ~undo.max
Tue Dec 13 13:15:03 Saved as file ~undo.max
Tue Dec 13 13:15:05 Saved as file ~undo.max
Tue Dec 13 13:15:08 Saved as file ~undo.max
Tue Dec 13 13:15:11 Saved as file ~undo.max
Tue Dec 13 13:15:35 Saved as file ~undo.max
Tue Dec 13 13:15:57 Saved as file ~undo.max
Tue Dec 13 13:16:14 Saved as file ~undo.max
Tue Dec 13 13:16:34 Saved as file ~undo.max
Tue Dec 13 13:17:09 Saved as file ~undo.max
Tue Dec 13 13:18:20 Saved as file ~undo.max
Tue Dec 13 13:19:01 Saved as file G:\DRM V3R3\DRM1-26.MAX
Tue Dec 13 13:19:22 Saved as file BACKUP1.MAX
Tue Dec 13 13:20:15 Saved as file ~undo.max
Tue Dec 13 13:20:17 Saved as file ~undo.max
Tue Dec 13 13:21:22 Saved as file ~undo.max
Tue Dec 13 13:21:37 Saved as file ~undo.max
Tue Dec 13 13:22:07 Saved as file ~undo.max
Tue Dec 13 13:22:27 Saved as file G:\DRM V3R3\DRM1-26.MAX
Tue Dec 13 13:23:28 Saved as file ~undo.max
Tue Dec 13 13:26:10 Saved as file ~undo.max
Tue Dec 13 13:27:13 Saved as file G:\DRM V3R3\DRM1-26.MAX
Tue Dec 13 13:29:52 Saved as file BACKUP1.MAX
Tue Dec 13 13:32:35 Saved as file G:\DRM V3R3\DRM1-26.MAX
Tue Dec 13 13:40:22 Saved as file BACKUP1.MAX
Tue Dec 13 13:51:52 Saved as file BACKUP1.MAX
Tue Dec 13 13:57:23 Saved as file ~undo.max
Tue Dec 13 13:57:42 Saved as file ~undo.max
Tue Dec 13 13:58:07 Saved as file ~undo.max
Tue Dec 13 14:01:32 Loaded file C:\OrCAD\OrCAD_10.5\tools\Layout\data\template.imp
Tue Dec 13 14:01:32 Loaded file C:\OrCAD\OrCAD_10.5\tools\Layout\data\template.imp
Tue Dec 13 14:01:34 Loaded file C:\ORCAD\ORCAD_10.5\TOOLS\LAYOUT\LIBRARY\COMMON.LLB
Tue Dec 13 14:01:37 Loaded file C:\OrCAD\OrCAD_10.5\tools\Layout\library\BCON100T.llb
Tue Dec 13 14:01:40 Loaded file C:\OrCAD\OrCAD_10.5\tools\Layout\library\TELE.llb
Tue Dec 13 14:01:41 Loaded file C:\OrCAD\OrCAD_10.5\tools\Layout\library\TM_AXIAL.llb
Tue Dec 13 14:02:05 Loaded file C:\OrCAD\OrCAD_10.5\tools\Layout\data\template.imp
Tue Dec 13 14:02:05 Loaded file C:\OrCAD\OrCAD_10.5\tools\Layout\data\template.imp
Tue Dec 13 14:02:10 Loaded file C:\OrCAD\OrCAD_10.5\tools\Layout\data\template.imp
Tue Dec 13 14:02:16 Saved as file ~undo.max
Tue Dec 13 14:02:52 Saved as file BACKUP1.MAX
Tue Dec 13 14:03:15 Saved as file G:\DRM V3R3\DRM1-26.MAX
Tue Dec 13 14:04:57 Saved as file G:\DRM V3R3\DRM1-26.MAX
Tue Dec 13 14:05:20 Saved as file G:\DRM V3R3\DRM1-26.MAX
Tue Dec 13 14:12:17 Saved as file G:\DRM V3R3\DRM1-26.MAX
Tue Dec 13 14:13:22 Saved as file BACKUP1.MAX
Tue Dec 13 14:22:15 Saved as file G:\DRM V3R3\DRM1-26.MAX
Tue Dec 13 14:30:13 Saved as file BACKUP1.MAX
Tue Dec 13 14:34:23 Saved as file G:\DRM V3R3\DRM1-26.MAX
Tue Dec 13 14:41:13 Saved as file BACKUP1.MAX
Tue Dec 13 14:51:43 Saved as file BACKUP1.MAX
Tue Dec 13 14:58:21 Loaded file C:\OrCAD\OrCAD_10.5\tools\Layout\data\template.imp
Tue Dec 13 14:58:21 Loaded file C:\OrCAD\OrCAD_10.5\tools\Layout\data\template.imp
Tue Dec 13 14:58:21 Loaded file C:\OrCAD\OrCAD_10.5\tools\Layout\data\template.imp
Tue Dec 13 14:58:21 Loaded file C:\OrCAD\OrCAD_10.5\tools\Layout\data\template.imp
Tue Dec 13 14:58:22 Loaded file C:\ORCAD\ORCAD_10.5\TOOLS\LAYOUT\LIBRARY\COMMON.LLB
Tue Dec 13 14:58:32 Loaded file C:\OrCAD\OrCAD_10.5\tools\Layout\data\template.imp
Tue Dec 13 14:58:38 Saved as file ~undo.max
Tue Dec 13 14:58:43 Saved as file ~undo.max
Tue Dec 13 14:59:00 Saved as file ~undo.max
Tue Dec 13 14:59:04 Saved as file G:\DRM V3R3\DRM1-26.MAX
Tue Dec 13 14:59:40 Saved as file G:\DRM V3R3\DRM1-26.MAX
Wed Dec 14 09:34:57 Saved as file G:\DRM V3R3\DRM1-26.MAX
Wed Dec 14 09:40:48 Saved as file BACKUP1.MAX
Wed Dec 14 09:51:18 Saved as file BACKUP1.MAX
Wed Dec 14 09:53:39 Saved as file ~undo.max
Wed Dec 14 09:59:08 Saved as file G:\DRM V3R3\DRM1-26.MAX
Wed Dec 14 10:00:04 Saved as file G:\DRM V3R3\DRM1-26.MAX
Wed Dec 14 10:02:48 Saved as file BACKUP1.MAX
Wed Dec 14 10:09:11 Saved as file ~undo.max
Wed Dec 14 10:13:48 Saved as file BACKUP1.MAX
Wed Dec 14 10:24:18 Saved as file BACKUP1.MAX
Wed Dec 14 10:24:37 Saved as file G:\DRM V3R3\DRM1-26.MAX
Wed Dec 14 10:34:48 Saved as file BACKUP1.MAX
Wed Dec 14 10:45:18 Saved as file BACKUP1.MAX
Wed Dec 14 10:55:48 Saved as file BACKUP1.MAX
Wed Dec 14 11:06:18 Saved as file BACKUP1.MAX
Wed Dec 14 11:16:48 Saved as file BACKUP1.MAX
Wed Dec 14 11:27:18 Saved as file BACKUP1.MAX
Wed Dec 14 11:37:48 Saved as file BACKUP1.MAX
Wed Dec 14 11:48:18 Saved as file BACKUP1.MAX
Wed Dec 14 11:59:18 Saved as file BACKUP1.MAX
Wed Dec 14 12:09:46 Saved as file G:\DRM V3R3\DRM1-26.MAX
Wed Dec 14 12:23:39 Saved as file BACKUP1.MAX
Wed Dec 14 12:35:34 Saved as file ~undo.max
Wed Dec 14 12:40:48 Saved as file G:\DRM V3R3\DRM1-26.MAX
Wed Dec 14 12:43:32 Saved as file BACKUP1.MAX
Wed Dec 14 12:46:09 Saved as file BACKUP1.MAX
Wed Dec 14 12:51:23 Saved as file G:\DRM V3R3\DRM1-26.MAX
Wed Dec 14 12:54:02 Saved as file BACKUP1.MAX
Wed Dec 14 12:56:39 Saved as file BACKUP1.MAX
Wed Dec 14 12:58:41 Saved as file ~undo.max
Wed Dec 14 12:59:20 Saved as file ~undo.max
Wed Dec 14 13:02:37 Saved as file ~undo.max
Wed Dec 14 13:08:14 Loaded file C:\OrCAD\OrCAD_10.5\tools\Layout\data\template.imp
Wed Dec 14 13:08:14 Loaded file C:\OrCAD\OrCAD_10.5\tools\Layout\data\template.imp
Wed Dec 14 13:08:14 Loaded file C:\OrCAD\OrCAD_10.5\tools\Layout\data\template.imp
Wed Dec 14 13:08:15 Loaded file C:\OrCAD\OrCAD_10.5\tools\Layout\data\template.imp
Wed Dec 14 13:08:20 Loaded file C:\OrCAD\OrCAD_10.5\tools\Layout\data\template.imp
Wed Dec 14 13:08:45 Saved as file ~undo.max
Wed Dec 14 13:09:01 Loaded file C:\OrCAD\OrCAD_10.5\tools\Layout\data\template.imp
Wed Dec 14 13:09:01 Loaded file C:\OrCAD\OrCAD_10.5\tools\Layout\data\template.imp
Wed Dec 14 13:09:01 Loaded file C:\OrCAD\OrCAD_10.5\tools\Layout\data\template.imp
Wed Dec 14 13:09:01 Loaded file C:\OrCAD\OrCAD_10.5\tools\Layout\data\template.imp
Wed Dec 14 13:09:04 Loaded file C:\OrCAD\OrCAD_10.5\tools\Layout\data\template.imp
Wed Dec 14 13:09:21 Saved as file ~undo.max
Wed Dec 14 13:09:34 Saved as file ~undo.max
Wed Dec 14 13:10:09 Saved as file G:\DRM V3R3\DRM1-26.MAX
Wed Dec 14 13:11:51 Saved as file G:\DRM V3R3\DRM1-26.MAX
Wed Dec 14 13:11:53 Saved as file BACKUP1.MAX
Wed Dec 14 13:13:28 Saved as file ~undo.max
Wed Dec 14 13:14:37 Saved as file G:\DRM V3R3\DRM1-26.MAX
Wed Dec 14 13:22:53 Saved as file BACKUP1.MAX
Wed Dec 14 13:24:04 Saved as file G:\DRM V3R3\DRM1-26.MAX
Wed Dec 14 13:24:19 Saved as file G:\DRM V3R3\DRM1-26_TEST.MAX
Wed Dec 14 13:34:23 Saved as file BACKUP1.MAX
Wed Dec 14 13:39:23 Saved as file G:\DRM V3R3\DRM1-26_N.MAX
Wed Dec 14 13:43:00 Saved as file G:\DRM V3R3\DRM1-26_N.MAX
Wed Dec 14 13:51:28 Saved as file BACKUP1.MAX
Wed Dec 14 14:01:58 Saved as file BACKUP1.MAX
Wed Dec 14 14:12:28 Saved as file BACKUP1.MAX
Wed Dec 14 14:22:58 Saved as file BACKUP1.MAX
Wed Dec 14 14:33:28 Saved as file BACKUP1.MAX
Wed Dec 14 14:43:58 Saved as file BACKUP1.MAX
Wed Dec 14 14:54:28 Saved as file BACKUP1.MAX
Wed Dec 14 15:04:58 Saved as file BACKUP1.MAX
Wed Dec 14 15:15:28 Saved as file BACKUP1.MAX
Wed Dec 14 15:25:58 Saved as file BACKUP1.MAX
Wed Dec 14 15:36:28 Saved as file BACKUP1.MAX
Wed Dec 14 15:46:58 Saved as file BACKUP1.MAX
Wed Dec 14 15:57:28 Saved as file BACKUP1.MAX
Wed Dec 14 16:07:58 Saved as file BACKUP1.MAX
Thu Dec 15 11:44:34 Saved as file G:\DRM V3R3\DRM1-26_N.MAX
Fri Dec 16 15:50:28 Saved as file BACKUP1.MAX
Mon Dec 19 15:05:06 Saved as file G:\DRM V3R3\DRM1-27.MAX
Mon Dec 19 15:07:59 Saved as file BACKUP1.MAX
Mon Dec 19 15:07:59 Saved as file G:\DRM V3R3\DRM1-27.MAX
Mon Dec 19 15:08:01 UserDiv from Layout.INI for AutoECO: 60
Mon Dec 19 15:08:01 Loaded file G:\DRM V3R3\DRM1-27.MAX
Mon Dec 19 15:08:01 Loaded file C:\ORCAD\ORCAD_10.5\TOOLS\LAYOUT\LIBRARY\COMMON.LLB
Mon Dec 19 15:08:01 Loaded file C:\OrCAD\OrCAD_10.5\tools\Layout\library\BCON100T.llb
Mon Dec 19 15:08:01 Loaded file C:\OrCAD\OrCAD_10.5\tools\Layout\library\BCON156T.llb
Mon Dec 19 15:08:01 Loaded file C:\OrCAD\OrCAD_10.5\tools\Layout\library\BGA.llb
Mon Dec 19 15:08:01 Loaded file C:\OrCAD\OrCAD_10.5\tools\Layout\library\CLCC.llb
Mon Dec 19 15:08:01 Loaded file C:\OrCAD\OrCAD_10.5\tools\Layout\library\DCON050T.llb
Mon Dec 19 15:08:01 Loaded file C:\OrCAD\OrCAD_10.5\tools\Layout\library\DCON085T.llb
Mon Dec 19 15:08:01 Loaded file C:\OrCAD\OrCAD_10.5\tools\Layout\library\DIMM050F.llb
Mon Dec 19 15:08:01 Loaded file C:\OrCAD\OrCAD_10.5\tools\Layout\library\DIMM050T.llb
Mon Dec 19 15:08:01 Loaded file C:\OrCAD\OrCAD_10.5\tools\Layout\library\DIN.llb
Mon Dec 19 15:08:01 Loaded file C:\OrCAD\OrCAD_10.5\tools\Layout\library\DIP100B.llb
Mon Dec 19 15:08:01 Loaded file C:\OrCAD\OrCAD_10.5\tools\Layout\library\DIP100T.llb
Mon Dec 19 15:08:01 Loaded file C:\OrCAD\OrCAD_10.5\tools\Layout\library\DSUBT.llb
Mon Dec 19 15:08:01 Loaded file C:\OrCAD\OrCAD_10.5\tools\Layout\library\DSUBT_HD.LLB
Mon Dec 19 15:08:01 Loaded file C:\OrCAD\OrCAD_10.5\tools\Layout\library\ECON100T.llb
Mon Dec 19 15:08:01 Loaded file C:\OrCAD\OrCAD_10.5\tools\Layout\library\FBUS.llb
Mon Dec 19 15:08:01 Loaded file C:\OrCAD\OrCAD_10.5\tools\Layout\library\ISA.llb
Mon Dec 19 15:08:01 Loaded file C:\OrCAD\OrCAD_10.5\tools\Layout\library\JUMPER.LLB
Mon Dec 19 15:08:01 Loaded file C:\OrCAD\OrCAD_10.5\tools\Layout\library\LAYOUT.llb
Mon Dec 19 15:08:01 Loaded file C:\OrCAD\OrCAD_10.5\tools\Layout\library\LCON100T.llb
Mon Dec 19 15:08:01 Loaded file C:\OrCAD\OrCAD_10.5\tools\Layout\library\PC104.llb
Mon Dec 19 15:08:01 Loaded file C:\OrCAD\OrCAD_10.5\tools\Layout\library\PCI.llb
Mon Dec 19 15:08:01 Loaded file C:\OrCAD\OrCAD_10.5\tools\Layout\library\PCON100T.llb
Mon Dec 19 15:08:01 Loaded file C:\OrCAD\OrCAD_10.5\tools\Layout\library\PCON156T.llb
Mon Dec 19 15:08:01 Loaded file C:\OrCAD\OrCAD_10.5\tools\Layout\library\PGA.llb
Mon Dec 19 15:08:01 Loaded file C:\OrCAD\OrCAD_10.5\tools\Layout\library\PLCC.llb
Mon Dec 19 15:08:01 Loaded file C:\OrCAD\OrCAD_10.5\tools\Layout\library\QUAD.llb
Mon Dec 19 15:08:01 Loaded file C:\OrCAD\OrCAD_10.5\tools\Layout\library\QUADB.llb
Mon Dec 19 15:08:01 Loaded file C:\OrCAD\OrCAD_10.5\tools\Layout\library\RELAY.llb
Mon Dec 19 15:08:01 Loaded file C:\OrCAD\OrCAD_10.5\tools\Layout\library\RF.llb
Mon Dec 19 15:08:01 Loaded file C:\OrCAD\OrCAD_10.5\tools\Layout\library\SBUS.llb
Mon Dec 19 15:08:01 Loaded file C:\OrCAD\OrCAD_10.5\tools\Layout\library\SIMM050F.llb
Mon Dec 19 15:08:01 Loaded file C:\OrCAD\OrCAD_10.5\tools\Layout\library\SIMM050T.llb
Mon Dec 19 15:08:01 Loaded file C:\OrCAD\OrCAD_10.5\tools\Layout\library\SIMM100F.llb
Mon Dec 19 15:08:01 Loaded file C:\OrCAD\OrCAD_10.5\tools\Layout\library\SIMM100T.llb
Mon Dec 19 15:08:01 Loaded file C:\OrCAD\OrCAD_10.5\tools\Layout\library\SIP.llb
Mon Dec 19 15:08:01 Loaded file C:\OrCAD\OrCAD_10.5\tools\Layout\library\SM.llb
Mon Dec 19 15:08:01 Loaded file C:\OrCAD\OrCAD_10.5\tools\Layout\library\SOG.llb
Mon Dec 19 15:08:01 Loaded file C:\OrCAD\OrCAD_10.5\tools\Layout\library\SOJ.llb
Mon Dec 19 15:08:01 Loaded file C:\OrCAD\OrCAD_10.5\tools\Layout\library\STIFF.llb
Mon Dec 19 15:08:01 Loaded file C:\OrCAD\OrCAD_10.5\tools\Layout\library\TELE.llb
Mon Dec 19 15:08:01 Loaded file C:\OrCAD\OrCAD_10.5\tools\Layout\library\TM_AXIAL.llb
Mon Dec 19 15:08:01 Loaded file C:\OrCAD\OrCAD_10.5\tools\Layout\library\TM_CAP_P.llb
Mon Dec 19 15:08:01 Loaded file C:\OrCAD\OrCAD_10.5\tools\Layout\library\TM_CYLND.llb
Mon Dec 19 15:08:01 Loaded file C:\OrCAD\OrCAD_10.5\tools\Layout\library\TM_DIODE.llb
Mon Dec 19 15:08:01 Loaded file C:\OrCAD\OrCAD_10.5\tools\Layout\library\TM_DISC.llb
Mon Dec 19 15:08:01 Loaded file C:\OrCAD\OrCAD_10.5\tools\Layout\library\TM_RAD.llb
Mon Dec 19 15:08:01 Loaded file C:\OrCAD\OrCAD_10.5\tools\Layout\library\TO.llb
Mon Dec 19 15:08:01 Loaded file C:\OrCAD\OrCAD_10.5\tools\Layout\library\TRAINING.LLB
Mon Dec 19 15:08:01 Loaded file C:\OrCAD\OrCAD_10.5\tools\Layout\library\VRES.llb
Mon Dec 19 15:08:01 Loaded file C:\OrCAD\OrCAD_10.5\tools\Layout\library\WCON100T.llb
Mon Dec 19 15:08:01 Loaded file C:\OrCAD\OrCAD_10.5\tools\Layout\library\XT.llb
Mon Dec 19 15:08:01 Loaded file C:\OrCAD\OrCAD_10.5\tools\Layout\library\ZIGZAG.llb
Mon Dec 19 15:08:03 Saved as file G:\DRM V3R3\DRM1-28.MAX
Mon Dec 19 15:08:14 Saved as file G:\DRM V3R3\DRM1-27.MAX
Mon Dec 19 15:08:14 Loaded file G:\DRM V3R3\DRM1-28.MAX
Mon Dec 19 15:10:05 Saved as file BACKUP1.MAX
Mon Dec 19 15:10:05 Saved as file G:\DRM V3R3\DRM1-27.MAX
Mon Dec 19 15:10:06 UserDiv from Layout.INI for AutoECO: 60
Mon Dec 19 15:10:06 Loaded file G:\DRM V3R3\DRM1-27.MAX
Mon Dec 19 15:10:06 Loaded file C:\ORCAD\ORCAD_10.5\TOOLS\LAYOUT\LIBRARY\COMMON.LLB
Mon Dec 19 15:10:06 Loaded file C:\OrCAD\OrCAD_10.5\tools\Layout\library\BCON100T.llb
Mon Dec 19 15:10:06 Loaded file C:\OrCAD\OrCAD_10.5\tools\Layout\library\BCON156T.llb
Mon Dec 19 15:10:06 Loaded file C:\OrCAD\OrCAD_10.5\tools\Layout\library\BGA.llb
Mon Dec 19 15:10:06 Loaded file C:\OrCAD\OrCAD_10.5\tools\Layout\library\CLCC.llb
Mon Dec 19 15:10:06 Loaded file C:\OrCAD\OrCAD_10.5\tools\Layout\library\DCON050T.llb
Mon Dec 19 15:10:06 Loaded file C:\OrCAD\OrCAD_10.5\tools\Layout\library\DCON085T.llb
Mon Dec 19 15:10:06 Loaded file C:\OrCAD\OrCAD_10.5\tools\Layout\library\DIMM050F.llb
Mon Dec 19 15:10:06 Loaded file C:\OrCAD\OrCAD_10.5\tools\Layout\library\DIMM050T.llb
Mon Dec 19 15:10:06 Loaded file C:\OrCAD\OrCAD_10.5\tools\Layout\library\DIN.llb
Mon Dec 19 15:10:06 Loaded file C:\OrCAD\OrCAD_10.5\tools\Layout\library\DIP100B.llb
Mon Dec 19 15:10:06 Loaded file C:\OrCAD\OrCAD_10.5\tools\Layout\library\DIP100T.llb
Mon Dec 19 15:10:06 Loaded file C:\OrCAD\OrCAD_10.5\tools\Layout\library\DSUBT.llb
Mon Dec 19 15:10:06 Loaded file C:\OrCAD\OrCAD_10.5\tools\Layout\library\DSUBT_HD.LLB
Mon Dec 19 15:10:06 Loaded file C:\OrCAD\OrCAD_10.5\tools\Layout\library\ECON100T.llb
Mon Dec 19 15:10:06 Loaded file C:\OrCAD\OrCAD_10.5\tools\Layout\library\FBUS.llb
Mon Dec 19 15:10:06 Loaded file C:\OrCAD\OrCAD_10.5\tools\Layout\library\ISA.llb
Mon Dec 19 15:10:06 Loaded file C:\OrCAD\OrCAD_10.5\tools\Layout\library\JUMPER.LLB
Mon Dec 19 15:10:06 Loaded file C:\OrCAD\OrCAD_10.5\tools\Layout\library\LAYOUT.llb
Mon Dec 19 15:10:06 Loaded file C:\OrCAD\OrCAD_10.5\tools\Layout\library\LCON100T.llb
Mon Dec 19 15:10:06 Loaded file C:\OrCAD\OrCAD_10.5\tools\Layout\library\PC104.llb
Mon Dec 19 15:10:06 Loaded file C:\OrCAD\OrCAD_10.5\tools\Layout\library\PCI.llb
Mon Dec 19 15:10:06 Loaded file C:\OrCAD\OrCAD_10.5\tools\Layout\library\PCON100T.llb
Mon Dec 19 15:10:06 Loaded file C:\OrCAD\OrCAD_10.5\tools\Layout\library\PCON156T.llb
Mon Dec 19 15:10:06 Loaded file C:\OrCAD\OrCAD_10.5\tools\Layout\library\PGA.llb
Mon Dec 19 15:10:06 Loaded file C:\OrCAD\OrCAD_10.5\tools\Layout\library\PLCC.llb
Mon Dec 19 15:10:06 Loaded file C:\OrCAD\OrCAD_10.5\tools\Layout\library\QUAD.llb
Mon Dec 19 15:10:06 Loaded file C:\OrCAD\OrCAD_10.5\tools\Layout\library\QUADB.llb
Mon Dec 19 15:10:06 Loaded file C:\OrCAD\OrCAD_10.5\tools\Layout\library\RELAY.llb
Mon Dec 19 15:10:06 Loaded file C:\OrCAD\OrCAD_10.5\tools\Layout\library\RF.llb
Mon Dec 19 15:10:06 Loaded file C:\OrCAD\OrCAD_10.5\tools\Layout\library\SBUS.llb
Mon Dec 19 15:10:06 Loaded file C:\OrCAD\OrCAD_10.5\tools\Layout\library\SIMM050F.llb
Mon Dec 19 15:10:06 Loaded file C:\OrCAD\OrCAD_10.5\tools\Layout\library\SIMM050T.llb
Mon Dec 19 15:10:06 Loaded file C:\OrCAD\OrCAD_10.5\tools\Layout\library\SIMM100F.llb
Mon Dec 19 15:10:06 Loaded file C:\OrCAD\OrCAD_10.5\tools\Layout\library\SIMM100T.llb
Mon Dec 19 15:10:06 Loaded file C:\OrCAD\OrCAD_10.5\tools\Layout\library\SIP.llb
Mon Dec 19 15:10:06 Loaded file C:\OrCAD\OrCAD_10.5\tools\Layout\library\SM.llb
Mon Dec 19 15:10:06 Loaded file C:\OrCAD\OrCAD_10.5\tools\Layout\library\SOG.llb
Mon Dec 19 15:10:06 Loaded file C:\OrCAD\OrCAD_10.5\tools\Layout\library\SOJ.llb
Mon Dec 19 15:10:06 Loaded file C:\OrCAD\OrCAD_10.5\tools\Layout\library\STIFF.llb
Mon Dec 19 15:10:06 Loaded file C:\OrCAD\OrCAD_10.5\tools\Layout\library\TELE.llb
Mon Dec 19 15:10:06 Loaded file C:\OrCAD\OrCAD_10.5\tools\Layout\library\TM_AXIAL.llb
Mon Dec 19 15:10:06 Loaded file C:\OrCAD\OrCAD_10.5\tools\Layout\library\TM_CAP_P.llb
Mon Dec 19 15:10:06 Loaded file C:\OrCAD\OrCAD_10.5\tools\Layout\library\TM_CYLND.llb
Mon Dec 19 15:10:06 Loaded file C:\OrCAD\OrCAD_10.5\tools\Layout\library\TM_DIODE.llb
Mon Dec 19 15:10:06 Loaded file C:\OrCAD\OrCAD_10.5\tools\Layout\library\TM_DISC.llb
Mon Dec 19 15:10:06 Loaded file C:\OrCAD\OrCAD_10.5\tools\Layout\library\TM_RAD.llb
Mon Dec 19 15:10:06 Loaded file C:\OrCAD\OrCAD_10.5\tools\Layout\library\TO.llb
Mon Dec 19 15:10:07 Loaded file C:\OrCAD\OrCAD_10.5\tools\Layout\library\TRAINING.LLB
Mon Dec 19 15:10:07 Loaded file C:\OrCAD\OrCAD_10.5\tools\Layout\library\VRES.llb
Mon Dec 19 15:10:07 Loaded file C:\OrCAD\OrCAD_10.5\tools\Layout\library\WCON100T.llb
Mon Dec 19 15:10:07 Loaded file C:\OrCAD\OrCAD_10.5\tools\Layout\library\XT.llb
Mon Dec 19 15:10:07 Loaded file C:\OrCAD\OrCAD_10.5\tools\Layout\library\ZIGZAG.llb
Mon Dec 19 15:10:08 Saved as file G:\DRM V3R3\DRM1-29.MAX
Mon Dec 19 15:10:26 Saved as file G:\DRM V3R3\DRM1-28.MAX
Mon Dec 19 15:10:26 Loaded file G:\DRM V3R3\DRM1-29.MAX
Mon Dec 19 15:11:29 Saved as file ~undo.max
Mon Dec 19 15:12:17 Saved as file G:\DRM V3R3\DRM1-29.MAX
Mon Dec 19 15:19:45 Saved as file BACKUP1.MAX
Mon Dec 19 15:30:15 Saved as file BACKUP1.MAX
Mon Dec 19 15:40:45 Saved as file BACKUP1.MAX
Mon Dec 19 15:51:15 Saved as file BACKUP1.MAX
Mon Dec 19 16:01:45 Saved as file BACKUP1.MAX
Tue Dec 20 09:13:38 Saved as file BACKUP1.MAX
Tue Dec 20 09:24:08 Saved as file BACKUP1.MAX
Tue Dec 20 09:34:38 Saved as file BACKUP1.MAX
Tue Dec 20 09:40:46 Saved as file BACKUP1.MAX
Tue Dec 20 09:40:46 Saved as file G:\DRM V3R3\DRM1-29.MAX
Tue Dec 20 09:40:48 UserDiv from Layout.INI for AutoECO: 60
Tue Dec 20 09:40:48 Loaded file G:\DRM V3R3\DRM1-29.MAX
Tue Dec 20 09:40:48 Loaded file C:\ORCAD\ORCAD_10.5\TOOLS\LAYOUT\LIBRARY\COMMON.LLB
Tue Dec 20 09:40:48 Loaded file C:\OrCAD\OrCAD_10.5\tools\Layout\library\BCON100T.llb
Tue Dec 20 09:40:48 Loaded file C:\OrCAD\OrCAD_10.5\tools\Layout\library\BCON156T.llb
Tue Dec 20 09:40:48 Loaded file C:\OrCAD\OrCAD_10.5\tools\Layout\library\BGA.llb
Tue Dec 20 09:40:48 Loaded file C:\OrCAD\OrCAD_10.5\tools\Layout\library\CLCC.llb
Tue Dec 20 09:40:48 Loaded file C:\OrCAD\OrCAD_10.5\tools\Layout\library\DCON050T.llb
Tue Dec 20 09:40:48 Loaded file C:\OrCAD\OrCAD_10.5\tools\Layout\library\DCON085T.llb
Tue Dec 20 09:40:48 Loaded file C:\OrCAD\OrCAD_10.5\tools\Layout\library\DIMM050F.llb
Tue Dec 20 09:40:48 Loaded file C:\OrCAD\OrCAD_10.5\tools\Layout\library\DIMM050T.llb
Tue Dec 20 09:40:48 Loaded file C:\OrCAD\OrCAD_10.5\tools\Layout\library\DIN.llb
Tue Dec 20 09:40:48 Loaded file C:\OrCAD\OrCAD_10.5\tools\Layout\library\DIP100B.llb
Tue Dec 20 09:40:48 Loaded file C:\OrCAD\OrCAD_10.5\tools\Layout\library\DIP100T.llb
Tue Dec 20 09:40:48 Loaded file C:\OrCAD\OrCAD_10.5\tools\Layout\library\DSUBT.llb
Tue Dec 20 09:40:48 Loaded file C:\OrCAD\OrCAD_10.5\tools\Layout\library\DSUBT_HD.LLB
Tue Dec 20 09:40:48 Loaded file C:\OrCAD\OrCAD_10.5\tools\Layout\library\ECON100T.llb
Tue Dec 20 09:40:48 Loaded file C:\OrCAD\OrCAD_10.5\tools\Layout\library\FBUS.llb
Tue Dec 20 09:40:48 Loaded file C:\OrCAD\OrCAD_10.5\tools\Layout\library\ISA.llb
Tue Dec 20 09:40:48 Loaded file C:\OrCAD\OrCAD_10.5\tools\Layout\library\JUMPER.LLB
Tue Dec 20 09:40:48 Loaded file C:\OrCAD\OrCAD_10.5\tools\Layout\library\LAYOUT.llb
Tue Dec 20 09:40:48 Loaded file C:\OrCAD\OrCAD_10.5\tools\Layout\library\LCON100T.llb
Tue Dec 20 09:40:48 Loaded file C:\OrCAD\OrCAD_10.5\tools\Layout\library\PC104.llb
Tue Dec 20 09:40:48 Loaded file C:\OrCAD\OrCAD_10.5\tools\Layout\library\PCI.llb
Tue Dec 20 09:40:48 Loaded file C:\OrCAD\OrCAD_10.5\tools\Layout\library\PCON100T.llb
Tue Dec 20 09:40:48 Loaded file C:\OrCAD\OrCAD_10.5\tools\Layout\library\PCON156T.llb
Tue Dec 20 09:40:48 Loaded file C:\OrCAD\OrCAD_10.5\tools\Layout\library\PGA.llb
Tue Dec 20 09:40:48 Loaded file C:\OrCAD\OrCAD_10.5\tools\Layout\library\PLCC.llb
Tue Dec 20 09:40:48 Loaded file C:\OrCAD\OrCAD_10.5\tools\Layout\library\QUAD.llb
Tue Dec 20 09:40:48 Loaded file C:\OrCAD\OrCAD_10.5\tools\Layout\library\QUADB.llb
Tue Dec 20 09:40:48 Loaded file C:\OrCAD\OrCAD_10.5\tools\Layout\library\RELAY.llb
Tue Dec 20 09:40:48 Loaded file C:\OrCAD\OrCAD_10.5\tools\Layout\library\RF.llb
Tue Dec 20 09:40:48 Loaded file C:\OrCAD\OrCAD_10.5\tools\Layout\library\SBUS.llb
Tue Dec 20 09:40:48 Loaded file C:\OrCAD\OrCAD_10.5\tools\Layout\library\SIMM050F.llb
Tue Dec 20 09:40:48 Loaded file C:\OrCAD\OrCAD_10.5\tools\Layout\library\SIMM050T.llb
Tue Dec 20 09:40:48 Loaded file C:\OrCAD\OrCAD_10.5\tools\Layout\library\SIMM100F.llb
Tue Dec 20 09:40:48 Loaded file C:\OrCAD\OrCAD_10.5\tools\Layout\library\SIMM100T.llb
Tue Dec 20 09:40:48 Loaded file C:\OrCAD\OrCAD_10.5\tools\Layout\library\SIP.llb
Tue Dec 20 09:40:48 Loaded file C:\OrCAD\OrCAD_10.5\tools\Layout\library\SM.llb
Tue Dec 20 09:40:48 Loaded file C:\OrCAD\OrCAD_10.5\tools\Layout\library\SOG.llb
Tue Dec 20 09:40:48 Loaded file C:\OrCAD\OrCAD_10.5\tools\Layout\library\SOJ.llb
Tue Dec 20 09:40:48 Loaded file C:\OrCAD\OrCAD_10.5\tools\Layout\library\STIFF.llb
Tue Dec 20 09:40:48 Loaded file C:\OrCAD\OrCAD_10.5\tools\Layout\library\TELE.llb
Tue Dec 20 09:40:48 Loaded file C:\OrCAD\OrCAD_10.5\tools\Layout\library\TM_AXIAL.llb
Tue Dec 20 09:40:48 Loaded file C:\OrCAD\OrCAD_10.5\tools\Layout\library\TM_CAP_P.llb
Tue Dec 20 09:40:48 Loaded file C:\OrCAD\OrCAD_10.5\tools\Layout\library\TM_CYLND.llb
Tue Dec 20 09:40:48 Loaded file C:\OrCAD\OrCAD_10.5\tools\Layout\library\TM_DIODE.llb
Tue Dec 20 09:40:48 Loaded file C:\OrCAD\OrCAD_10.5\tools\Layout\library\TM_DISC.llb
Tue Dec 20 09:40:48 Loaded file C:\OrCAD\OrCAD_10.5\tools\Layout\library\TM_RAD.llb
Tue Dec 20 09:40:48 Loaded file C:\OrCAD\OrCAD_10.5\tools\Layout\library\TO.llb
Tue Dec 20 09:40:48 Loaded file C:\OrCAD\OrCAD_10.5\tools\Layout\library\TRAINING.LLB
Tue Dec 20 09:40:48 Loaded file C:\OrCAD\OrCAD_10.5\tools\Layout\library\VRES.llb
Tue Dec 20 09:40:48 Loaded file C:\OrCAD\OrCAD_10.5\tools\Layout\library\WCON100T.llb
Tue Dec 20 09:40:48 Loaded file C:\OrCAD\OrCAD_10.5\tools\Layout\library\XT.llb
Tue Dec 20 09:40:48 Loaded file C:\OrCAD\OrCAD_10.5\tools\Layout\library\ZIGZAG.llb
Tue Dec 20 09:40:48 Loaded file C:\ORCAD\ORCAD_10.5\TOOLS\LAYOUT\LIBRARY\COMMON.LLB
Tue Dec 20 09:40:52 Saved as file G:\DRM V3R3\DRM1-30.MAX
Tue Dec 20 09:41:19 Saved as file G:\DRM V3R3\DRM1-31.MAX
Tue Dec 20 09:41:19 Loaded file G:\DRM V3R3\DRM1-30.MAX
Tue Dec 20 09:45:08 Saved as file BACKUP1.MAX
Tue Dec 20 09:45:46 Saved as file BACKUP1.MAX
Tue Dec 20 09:45:46 Saved as file G:\DRM V3R3\DRM1-30.MAX
Tue Dec 20 09:45:47 UserDiv from Layout.INI for AutoECO: 60
Tue Dec 20 09:45:47 Loaded file G:\DRM V3R3\DRM1-30.MAX
Tue Dec 20 09:45:47 Loaded file C:\ORCAD\ORCAD_10.5\TOOLS\LAYOUT\LIBRARY\COMMON.LLB
Tue Dec 20 09:45:47 Loaded file C:\OrCAD\OrCAD_10.5\tools\Layout\library\BCON100T.llb
Tue Dec 20 09:45:47 Loaded file C:\OrCAD\OrCAD_10.5\tools\Layout\library\BCON156T.llb
Tue Dec 20 09:45:47 Loaded file C:\OrCAD\OrCAD_10.5\tools\Layout\library\BGA.llb
Tue Dec 20 09:45:47 Loaded file C:\OrCAD\OrCAD_10.5\tools\Layout\library\CLCC.llb
Tue Dec 20 09:45:47 Loaded file C:\OrCAD\OrCAD_10.5\tools\Layout\library\DCON050T.llb
Tue Dec 20 09:45:47 Loaded file C:\OrCAD\OrCAD_10.5\tools\Layout\library\DCON085T.llb
Tue Dec 20 09:45:47 Loaded file C:\OrCAD\OrCAD_10.5\tools\Layout\library\DIMM050F.llb
Tue Dec 20 09:45:47 Loaded file C:\OrCAD\OrCAD_10.5\tools\Layout\library\DIMM050T.llb
Tue Dec 20 09:45:47 Loaded file C:\OrCAD\OrCAD_10.5\tools\Layout\library\DIN.llb
Tue Dec 20 09:45:47 Loaded file C:\OrCAD\OrCAD_10.5\tools\Layout\library\DIP100B.llb
Tue Dec 20 09:45:47 Loaded file C:\OrCAD\OrCAD_10.5\tools\Layout\library\DIP100T.llb
Tue Dec 20 09:45:47 Loaded file C:\OrCAD\OrCAD_10.5\tools\Layout\library\DSUBT.llb
Tue Dec 20 09:45:47 Loaded file C:\OrCAD\OrCAD_10.5\tools\Layout\library\DSUBT_HD.LLB
Tue Dec 20 09:45:47 Loaded file C:\OrCAD\OrCAD_10.5\tools\Layout\library\ECON100T.llb
Tue Dec 20 09:45:47 Loaded file C:\OrCAD\OrCAD_10.5\tools\Layout\library\FBUS.llb
Tue Dec 20 09:45:47 Loaded file C:\OrCAD\OrCAD_10.5\tools\Layout\library\ISA.llb
Tue Dec 20 09:45:47 Loaded file C:\OrCAD\OrCAD_10.5\tools\Layout\library\JUMPER.LLB
Tue Dec 20 09:45:47 Loaded file C:\OrCAD\OrCAD_10.5\tools\Layout\library\LAYOUT.llb
Tue Dec 20 09:45:47 Loaded file C:\OrCAD\OrCAD_10.5\tools\Layout\library\LCON100T.llb
Tue Dec 20 09:45:47 Loaded file C:\OrCAD\OrCAD_10.5\tools\Layout\library\PC104.llb
Tue Dec 20 09:45:47 Loaded file C:\OrCAD\OrCAD_10.5\tools\Layout\library\PCI.llb
Tue Dec 20 09:45:47 Loaded file C:\OrCAD\OrCAD_10.5\tools\Layout\library\PCON100T.llb
Tue Dec 20 09:45:47 Loaded file C:\OrCAD\OrCAD_10.5\tools\Layout\library\PCON156T.llb
Tue Dec 20 09:45:47 Loaded file C:\OrCAD\OrCAD_10.5\tools\Layout\library\PGA.llb
Tue Dec 20 09:45:47 Loaded file C:\OrCAD\OrCAD_10.5\tools\Layout\library\PLCC.llb
Tue Dec 20 09:45:47 Loaded file C:\OrCAD\OrCAD_10.5\tools\Layout\library\QUAD.llb
Tue Dec 20 09:45:47 Loaded file C:\OrCAD\OrCAD_10.5\tools\Layout\library\QUADB.llb
Tue Dec 20 09:45:47 Loaded file C:\OrCAD\OrCAD_10.5\tools\Layout\library\RELAY.llb
Tue Dec 20 09:45:47 Loaded file C:\OrCAD\OrCAD_10.5\tools\Layout\library\RF.llb
Tue Dec 20 09:45:47 Loaded file C:\OrCAD\OrCAD_10.5\tools\Layout\library\SBUS.llb
Tue Dec 20 09:45:47 Loaded file C:\OrCAD\OrCAD_10.5\tools\Layout\library\SIMM050F.llb
Tue Dec 20 09:45:47 Loaded file C:\OrCAD\OrCAD_10.5\tools\Layout\library\SIMM050T.llb
Tue Dec 20 09:45:47 Loaded file C:\OrCAD\OrCAD_10.5\tools\Layout\library\SIMM100F.llb
Tue Dec 20 09:45:47 Loaded file C:\OrCAD\OrCAD_10.5\tools\Layout\library\SIMM100T.llb
Tue Dec 20 09:45:47 Loaded file C:\OrCAD\OrCAD_10.5\tools\Layout\library\SIP.llb
Tue Dec 20 09:45:47 Loaded file C:\OrCAD\OrCAD_10.5\tools\Layout\library\SM.llb
Tue Dec 20 09:45:47 Loaded file C:\OrCAD\OrCAD_10.5\tools\Layout\library\SOG.llb
Tue Dec 20 09:45:47 Loaded file C:\OrCAD\OrCAD_10.5\tools\Layout\library\SOJ.llb
Tue Dec 20 09:45:47 Loaded file C:\OrCAD\OrCAD_10.5\tools\Layout\library\STIFF.llb
Tue Dec 20 09:45:47 Loaded file C:\OrCAD\OrCAD_10.5\tools\Layout\library\TELE.llb
Tue Dec 20 09:45:47 Loaded file C:\OrCAD\OrCAD_10.5\tools\Layout\library\TM_AXIAL.llb
Tue Dec 20 09:45:47 Loaded file C:\OrCAD\OrCAD_10.5\tools\Layout\library\TM_CAP_P.llb
Tue Dec 20 09:45:47 Loaded file C:\OrCAD\OrCAD_10.5\tools\Layout\library\TM_CYLND.llb
Tue Dec 20 09:45:47 Loaded file C:\OrCAD\OrCAD_10.5\tools\Layout\library\TM_DIODE.llb
Tue Dec 20 09:45:48 Loaded file C:\OrCAD\OrCAD_10.5\tools\Layout\library\TM_DISC.llb
Tue Dec 20 09:45:48 Loaded file C:\OrCAD\OrCAD_10.5\tools\Layout\library\TM_RAD.llb
Tue Dec 20 09:45:48 Loaded file C:\OrCAD\OrCAD_10.5\tools\Layout\library\TO.llb
Tue Dec 20 09:45:48 Loaded file C:\OrCAD\OrCAD_10.5\tools\Layout\library\TRAINING.LLB
Tue Dec 20 09:45:48 Loaded file C:\OrCAD\OrCAD_10.5\tools\Layout\library\VRES.llb
Tue Dec 20 09:45:48 Loaded file C:\OrCAD\OrCAD_10.5\tools\Layout\library\WCON100T.llb
Tue Dec 20 09:45:48 Loaded file C:\OrCAD\OrCAD_10.5\tools\Layout\library\XT.llb
Tue Dec 20 09:45:48 Loaded file C:\OrCAD\OrCAD_10.5\tools\Layout\library\ZIGZAG.llb
Tue Dec 20 09:45:49 Saved as file G:\DRM V3R3\DRM1-31.MAX
Tue Dec 20 09:46:03 Saved as file G:\DRM V3R3\DRM1-31.MAX
Tue Dec 20 09:46:03 Loaded file G:\DRM V3R3\DRM1-31.MAX
Tue Dec 20 09:46:37 Saved as file BACKUP1.MAX
Tue Dec 20 09:46:37 Saved as file G:\DRM V3R3\DRM1-31.MAX
Tue Dec 20 09:46:41 UserDiv from Layout.INI for AutoECO: 60
Tue Dec 20 09:46:41 Loaded file G:\DRM V3R3\DRM1-31.MAX
Tue Dec 20 09:46:41 Loaded file C:\ORCAD\ORCAD_10.5\TOOLS\LAYOUT\LIBRARY\COMMON.LLB
Tue Dec 20 09:46:41 Loaded file C:\OrCAD\OrCAD_10.5\tools\Layout\library\BCON100T.llb
Tue Dec 20 09:46:41 Loaded file C:\OrCAD\OrCAD_10.5\tools\Layout\library\BCON156T.llb
Tue Dec 20 09:46:41 Loaded file C:\OrCAD\OrCAD_10.5\tools\Layout\library\BGA.llb
Tue Dec 20 09:46:41 Loaded file C:\OrCAD\OrCAD_10.5\tools\Layout\library\CLCC.llb
Tue Dec 20 09:46:41 Loaded file C:\OrCAD\OrCAD_10.5\tools\Layout\library\DCON050T.llb
Tue Dec 20 09:46:41 Loaded file C:\OrCAD\OrCAD_10.5\tools\Layout\library\DCON085T.llb
Tue Dec 20 09:46:41 Loaded file C:\OrCAD\OrCAD_10.5\tools\Layout\library\DIMM050F.llb
Tue Dec 20 09:46:41 Loaded file C:\OrCAD\OrCAD_10.5\tools\Layout\library\DIMM050T.llb
Tue Dec 20 09:46:41 Loaded file C:\OrCAD\OrCAD_10.5\tools\Layout\library\DIN.llb
Tue Dec 20 09:46:41 Loaded file C:\OrCAD\OrCAD_10.5\tools\Layout\library\DIP100B.llb
Tue Dec 20 09:46:41 Loaded file C:\OrCAD\OrCAD_10.5\tools\Layout\library\DIP100T.llb
Tue Dec 20 09:46:41 Loaded file C:\OrCAD\OrCAD_10.5\tools\Layout\library\DSUBT.llb
Tue Dec 20 09:46:41 Loaded file C:\OrCAD\OrCAD_10.5\tools\Layout\library\DSUBT_HD.LLB
Tue Dec 20 09:46:41 Loaded file C:\OrCAD\OrCAD_10.5\tools\Layout\library\ECON100T.llb
Tue Dec 20 09:46:41 Loaded file C:\OrCAD\OrCAD_10.5\tools\Layout\library\FBUS.llb
Tue Dec 20 09:46:41 Loaded file C:\OrCAD\OrCAD_10.5\tools\Layout\library\ISA.llb
Tue Dec 20 09:46:41 Loaded file C:\OrCAD\OrCAD_10.5\tools\Layout\library\JUMPER.LLB
Tue Dec 20 09:46:41 Loaded file C:\OrCAD\OrCAD_10.5\tools\Layout\library\LAYOUT.llb
Tue Dec 20 09:46:41 Loaded file C:\OrCAD\OrCAD_10.5\tools\Layout\library\LCON100T.llb
Tue Dec 20 09:46:41 Loaded file C:\OrCAD\OrCAD_10.5\tools\Layout\library\PC104.llb
Tue Dec 20 09:46:41 Loaded file C:\OrCAD\OrCAD_10.5\tools\Layout\library\PCI.llb
Tue Dec 20 09:46:41 Loaded file C:\OrCAD\OrCAD_10.5\tools\Layout\library\PCON100T.llb
Tue Dec 20 09:46:41 Loaded file C:\OrCAD\OrCAD_10.5\tools\Layout\library\PCON156T.llb
Tue Dec 20 09:46:41 Loaded file C:\OrCAD\OrCAD_10.5\tools\Layout\library\PGA.llb
Tue Dec 20 09:46:41 Loaded file C:\OrCAD\OrCAD_10.5\tools\Layout\library\PLCC.llb
Tue Dec 20 09:46:41 Loaded file C:\OrCAD\OrCAD_10.5\tools\Layout\library\QUAD.llb
Tue Dec 20 09:46:41 Loaded file C:\OrCAD\OrCAD_10.5\tools\Layout\library\QUADB.llb
Tue Dec 20 09:46:41 Loaded file C:\OrCAD\OrCAD_10.5\tools\Layout\library\RELAY.llb
Tue Dec 20 09:46:41 Loaded file C:\OrCAD\OrCAD_10.5\tools\Layout\library\RF.llb
Tue Dec 20 09:46:41 Loaded file C:\OrCAD\OrCAD_10.5\tools\Layout\library\SBUS.llb
Tue Dec 20 09:46:41 Loaded file C:\OrCAD\OrCAD_10.5\tools\Layout\library\SIMM050F.llb
Tue Dec 20 09:46:41 Loaded file C:\OrCAD\OrCAD_10.5\tools\Layout\library\SIMM050T.llb
Tue Dec 20 09:46:41 Loaded file C:\OrCAD\OrCAD_10.5\tools\Layout\library\SIMM100F.llb
Tue Dec 20 09:46:41 Loaded file C:\OrCAD\OrCAD_10.5\tools\Layout\library\SIMM100T.llb
Tue Dec 20 09:46:41 Loaded file C:\OrCAD\OrCAD_10.5\tools\Layout\library\SIP.llb
Tue Dec 20 09:46:41 Loaded file C:\OrCAD\OrCAD_10.5\tools\Layout\library\SM.llb
Tue Dec 20 09:46:41 Loaded file C:\OrCAD\OrCAD_10.5\tools\Layout\library\SOG.llb
Tue Dec 20 09:46:41 Loaded file C:\OrCAD\OrCAD_10.5\tools\Layout\library\SOJ.llb
Tue Dec 20 09:46:41 Loaded file C:\OrCAD\OrCAD_10.5\tools\Layout\library\STIFF.llb
Tue Dec 20 09:46:41 Loaded file C:\OrCAD\OrCAD_10.5\tools\Layout\library\TELE.llb
Tue Dec 20 09:46:41 Loaded file C:\OrCAD\OrCAD_10.5\tools\Layout\library\TM_AXIAL.llb
Tue Dec 20 09:46:41 Loaded file C:\OrCAD\OrCAD_10.5\tools\Layout\library\TM_CAP_P.llb
Tue Dec 20 09:46:41 Loaded file C:\OrCAD\OrCAD_10.5\tools\Layout\library\TM_CYLND.llb
Tue Dec 20 09:46:41 Loaded file C:\OrCAD\OrCAD_10.5\tools\Layout\library\TM_DIODE.llb
Tue Dec 20 09:46:41 Loaded file C:\OrCAD\OrCAD_10.5\tools\Layout\library\TM_DISC.llb
Tue Dec 20 09:46:41 Loaded file C:\OrCAD\OrCAD_10.5\tools\Layout\library\TM_RAD.llb
Tue Dec 20 09:46:41 Loaded file C:\OrCAD\OrCAD_10.5\tools\Layout\library\TO.llb
Tue Dec 20 09:46:41 Loaded file C:\OrCAD\OrCAD_10.5\tools\Layout\library\TRAINING.LLB
Tue Dec 20 09:46:41 Loaded file C:\OrCAD\OrCAD_10.5\tools\Layout\library\VRES.llb
Tue Dec 20 09:46:41 Loaded file C:\OrCAD\OrCAD_10.5\tools\Layout\library\WCON100T.llb
Tue Dec 20 09:46:41 Loaded file C:\OrCAD\OrCAD_10.5\tools\Layout\library\XT.llb
Tue Dec 20 09:46:41 Loaded file C:\OrCAD\OrCAD_10.5\tools\Layout\library\ZIGZAG.llb
Tue Dec 20 09:46:43 Saved as file G:\DRM V3R3\DRM1-32.MAX
Tue Dec 20 09:46:46 Loaded file G:\DRM V3R3\DRM1-32.MAX
Tue Dec 20 09:56:08 Saved as file BACKUP1.MAX
Tue Dec 20 09:56:41 Saved as file ~undo.max
Tue Dec 20 09:57:46 Saved as file ~undo.max
Tue Dec 20 09:57:48 Saved as file ~undo.max
Tue Dec 20 09:57:58 Saved as file ~undo.max
Tue Dec 20 09:59:04 Saved as file ~undo.max
Tue Dec 20 10:00:18 Saved as file ~undo.max
Tue Dec 20 10:00:19 Saved as file ~undo.max
Tue Dec 20 10:00:58 Saved as file ~undo.max
Tue Dec 20 10:01:56 Saved as file ~undo.max
Tue Dec 20 10:02:10 Saved as file ~undo.max
Tue Dec 20 10:02:27 Saved as file ~undo.max
Tue Dec 20 10:03:29 Saved as file ~undo.max
Tue Dec 20 10:04:13 Saved as file ~undo.max
Tue Dec 20 10:05:38 Saved as file ~undo.max
Tue Dec 20 10:05:45 Saved as file ~undo.max
Tue Dec 20 10:05:54 Saved as file ~undo.max
Tue Dec 20 10:06:23 Saved as file ~undo.max
Tue Dec 20 10:06:38 Saved as file BACKUP1.MAX
Tue Dec 20 10:06:40 Saved as file ~undo.max
Tue Dec 20 10:06:41 Saved as file ~undo.max
Tue Dec 20 10:07:52 Saved as file ~undo.max
Tue Dec 20 10:09:20 Saved as file ~undo.max
Tue Dec 20 10:09:49 Saved as file ~undo.max
Tue Dec 20 10:09:50 Saved as file ~undo.max
Tue Dec 20 10:10:10 Saved as file ~undo.max
Tue Dec 20 10:10:42 Saved as file ~undo.max
Tue Dec 20 10:11:07 Saved as file ~undo.max
Tue Dec 20 10:11:08 Saved as file ~undo.max
Tue Dec 20 10:11:11 Saved as file ~undo.max
Tue Dec 20 10:11:13 Saved as file ~undo.max
Tue Dec 20 10:11:15 Saved as file ~undo.max
Tue Dec 20 10:12:46 Saved as file ~undo.max
Tue Dec 20 10:12:47 Saved as file ~undo.max
Tue Dec 20 10:13:36 Saved as file ~undo.max
Tue Dec 20 10:14:47 Saved as file ~undo.max
Tue Dec 20 10:14:48 Saved as file ~undo.max
Tue Dec 20 10:15:09 Saved as file ~undo.max
Tue Dec 20 10:16:28 Saved as file ~undo.max
Tue Dec 20 10:16:59 Saved as file ~undo.max
Tue Dec 20 10:17:08 Saved as file BACKUP1.MAX
Tue Dec 20 10:17:21 Saved as file ~undo.max
Tue Dec 20 10:17:23 Saved as file ~undo.max
Tue Dec 20 10:18:34 Saved as file ~undo.max
Tue Dec 20 10:18:56 Saved as file ~undo.max
Tue Dec 20 10:18:58 Saved as file ~undo.max
Tue Dec 20 10:20:53 Saved as file ~undo.max
Tue Dec 20 10:20:55 Saved as file ~undo.max
Tue Dec 20 10:21:24 Saved as file ~undo.max
Tue Dec 20 10:21:25 Saved as file ~undo.max
Tue Dec 20 10:21:33 Saved as file ~undo.max
Tue Dec 20 10:21:37 Saved as file ~undo.max
Tue Dec 20 10:22:25 Saved as file ~undo.max
Tue Dec 20 10:22:34 Saved as file ~undo.max
Tue Dec 20 10:25:39 Saved as file ~undo.max
Tue Dec 20 10:25:57 Saved as file G:\DRM V3R3\DRM1-32.MAX
Tue Dec 20 10:26:01 Saved as file G:\DRM V3R3\DRM1-32.MAX
Tue Dec 20 10:27:38 Saved as file BACKUP1.MAX
Tue Dec 20 10:29:31 Saved as file ~undo.max
Tue Dec 20 10:29:36 Saved as file ~undo.max
Tue Dec 20 10:29:45 Saved as file ~undo.max
Tue Dec 20 10:29:48 Saved as file ~undo.max
Tue Dec 20 10:29:55 Saved as file ~undo.max
Tue Dec 20 10:30:10 Saved as file ~undo2.max
Tue Dec 20 10:30:10 Loaded file ~undo.max
Tue Dec 20 10:38:08 Saved as file BACKUP1.MAX
Tue Dec 20 10:48:38 Saved as file BACKUP1.MAX
Tue Dec 20 10:59:08 Saved as file BACKUP1.MAX
Tue Dec 20 11:09:38 Saved as file BACKUP1.MAX
Tue Dec 20 11:20:08 Saved as file BACKUP1.MAX
Tue Dec 20 11:30:38 Saved as file BACKUP1.MAX
Tue Dec 20 11:41:08 Saved as file BACKUP1.MAX
Tue Dec 20 11:51:38 Saved as file BACKUP1.MAX
Tue Dec 20 12:02:08 Saved as file BACKUP1.MAX
Tue Dec 20 12:04:52 Saved as file ~undo.max
Tue Dec 20 12:05:02 Saved as file ~undo.max
Tue Dec 20 12:05:26 Saved as file ~undo.max
Tue Dec 20 12:05:28 Saved as file ~undo.max
Tue Dec 20 12:12:38 Saved as file BACKUP1.MAX
Tue Dec 20 12:13:14 Saved as file ~undo.max
Tue Dec 20 12:14:29 Saved as file ~undo.max
Tue Dec 20 12:17:14 Saved as file ~undo.max
Tue Dec 20 12:19:24 Saved as file ~undo.max
Tue Dec 20 12:23:08 Saved as file BACKUP1.MAX
Tue Dec 20 12:26:11 Saved as file G:\DRM V3R3\DRM1-32.MAX
Tue Dec 20 12:34:47 Saved as file BACKUP1.MAX
Tue Dec 20 12:45:17 Saved as file BACKUP1.MAX
Tue Dec 20 12:55:47 Saved as file BACKUP1.MAX
Tue Dec 20 13:06:17 Saved as file BACKUP1.MAX
Tue Dec 20 13:16:47 Saved as file BACKUP1.MAX
Tue Dec 20 13:27:17 Saved as file BACKUP1.MAX
Tue Dec 20 13:37:47 Saved as file BACKUP1.MAX
Tue Dec 20 13:48:17 Saved as file BACKUP1.MAX
Tue Dec 20 13:48:42 Saved as file ~undo.max
Tue Dec 20 13:49:00 Saved as file ~undo.max
Tue Dec 20 13:49:02 Saved as file ~undo.max
Tue Dec 20 13:50:01 Saved as file ~undo.max
Tue Dec 20 13:54:41 Saved as file ~undo.max
Tue Dec 20 13:54:45 Saved as file ~undo.max
Tue Dec 20 13:54:49 Saved as file ~undo.max
Tue Dec 20 13:54:52 Saved as file ~undo.max
Tue Dec 20 13:55:44 Saved as file ~undo.max
Tue Dec 20 13:55:45 Saved as file ~undo.max
Tue Dec 20 13:56:03 Saved as file ~undo.max
Tue Dec 20 13:57:33 Saved as file ~undo.max
Tue Dec 20 13:58:28 Saved as file ~undo.max
Tue Dec 20 13:58:47 Saved as file BACKUP1.MAX
Tue Dec 20 13:58:59 Saved as file ~undo.max
Tue Dec 20 13:59:00 Saved as file ~undo.max
Tue Dec 20 13:59:26 Saved as file ~undo.max
Tue Dec 20 13:59:27 Saved as file ~undo.max
Tue Dec 20 13:59:47 Saved as file ~undo.max
Tue Dec 20 14:01:34 Saved as file ~undo.max
Tue Dec 20 14:01:42 Saved as file ~undo.max
Tue Dec 20 14:07:30 Saved as file ~undo.max
Tue Dec 20 14:08:07 Saved as file ~undo.max
Tue Dec 20 14:08:31 Saved as file ~undo.max
Tue Dec 20 14:08:34 Saved as file ~undo.max
Tue Dec 20 14:08:54 Saved as file ~undo.max
Tue Dec 20 14:09:17 Saved as file BACKUP1.MAX
Tue Dec 20 14:11:30 Saved as file ~undo.max
Tue Dec 20 14:13:47 Saved as file ~undo.max
Tue Dec 20 14:13:51 Saved as file ~undo.max
Tue Dec 20 14:14:39 Saved as file ~undo.max
Tue Dec 20 14:15:16 Saved as file ~undo.max
Tue Dec 20 14:17:51 Saved as file ~undo.max
Tue Dec 20 14:17:54 Saved as file ~undo.max
Tue Dec 20 14:19:47 Saved as file BACKUP1.MAX
Tue Dec 20 14:21:58 Saved as file ~undo.max
Tue Dec 20 14:22:33 Saved as file ~undo.max
Tue Dec 20 14:23:06 Saved as file ~undo.max
Tue Dec 20 14:23:08 Saved as file ~undo.max
Tue Dec 20 14:23:27 Saved as file ~undo.max
Tue Dec 20 14:24:39 Saved as file ~undo.max
Tue Dec 20 14:24:41 Saved as file ~undo.max
Tue Dec 20 14:24:50 Saved as file ~undo.max
Tue Dec 20 14:25:02 Saved as file ~undo.max
Tue Dec 20 14:26:50 Saved as file ~undo.max
Tue Dec 20 14:27:52 Saved as file ~undo.max
Tue Dec 20 14:28:11 Saved as file ~undo.max
Tue Dec 20 14:28:59 Saved as file ~undo.max
Tue Dec 20 14:29:38 Saved as file ~undo.max
Tue Dec 20 14:29:49 Saved as file ~undo.max
Tue Dec 20 14:29:56 Saved as file ~undo.max
Tue Dec 20 14:30:09 Saved as file ~undo.max
Tue Dec 20 14:30:16 Saved as file ~undo.max
Tue Dec 20 14:30:17 Saved as file BACKUP1.MAX
Tue Dec 20 14:30:33 Saved as file ~undo.max
Tue Dec 20 14:30:51 Saved as file ~undo.max
Tue Dec 20 14:31:40 Saved as file ~undo.max
Tue Dec 20 14:32:27 Saved as file ~undo.max
Tue Dec 20 14:33:36 Saved as file ~undo.max
Tue Dec 20 14:33:42 Saved as file ~undo.max
Tue Dec 20 14:33:43 Saved as file ~undo.max
Tue Dec 20 14:35:48 Saved as file ~undo.max
Tue Dec 20 14:35:51 Saved as file ~undo.max
Tue Dec 20 14:36:42 Saved as file ~undo.max
Tue Dec 20 14:36:44 Saved as file ~undo.max
Tue Dec 20 14:37:03 Saved as file ~undo.max
Tue Dec 20 14:40:17 Saved as file BACKUP1.MAX
Tue Dec 20 14:45:12 Saved as file ~undo.max
Tue Dec 20 14:45:31 Saved as file ~undo.max
Tue Dec 20 14:47:47 Saved as file ~undo.max
Tue Dec 20 14:47:52 Saved as file ~undo.max
Tue Dec 20 14:49:05 Saved as file ~undo.max
Tue Dec 20 14:49:21 Saved as file ~undo.max
Tue Dec 20 14:49:54 Saved as file ~undo.max
Tue Dec 20 14:50:18 Saved as file ~undo.max
Tue Dec 20 14:50:21 Saved as file ~undo.max
Tue Dec 20 14:50:58 Saved as file ~undo.max
Tue Dec 20 14:51:17 Saved as file BACKUP1.MAX
Tue Dec 20 14:52:08 Saved as file ~undo.max
Tue Dec 20 14:52:44 Saved as file ~undo.max
Tue Dec 20 14:56:42 Saved as file ~undo.max
Tue Dec 20 14:57:05 Saved as file ~undo.max
Tue Dec 20 15:00:19 Saved as file ~undo.max
Tue Dec 20 15:00:25 Saved as file ~undo.max
Tue Dec 20 15:01:14 Saved as file ~undo.max
Tue Dec 20 15:01:22 Saved as file ~undo.max
Tue Dec 20 15:01:23 Saved as file ~undo.max
Tue Dec 20 15:01:47 Saved as file BACKUP1.MAX
Tue Dec 20 15:01:56 Saved as file ~undo.max
Tue Dec 20 15:07:07 Saved as file ~undo.max
Tue Dec 20 15:08:16 Saved as file ~undo.max
Tue Dec 20 15:08:49 Saved as file ~undo.max
Tue Dec 20 15:09:35 Saved as file ~undo.max
Tue Dec 20 15:09:37 Saved as file ~undo.max
Tue Dec 20 15:10:28 Saved as file ~undo.max
Tue Dec 20 15:10:55 Saved as file ~undo.max
Tue Dec 20 15:11:26 Saved as file ~undo.max
Tue Dec 20 15:11:31 Saved as file ~undo.max
Tue Dec 20 15:11:53 Saved as file ~undo.max
Tue Dec 20 15:11:57 Saved as file ~undo.max
Tue Dec 20 15:12:15 Saved as file ~undo.max
Tue Dec 20 15:12:34 Saved as file BACKUP1.MAX
Tue Dec 20 15:13:46 Saved as file ~undo.max
Tue Dec 20 15:13:47 Saved as file ~undo.max
Tue Dec 20 15:13:50 Saved as file ~undo.max
Tue Dec 20 15:14:06 Saved as file ~undo.max
Tue Dec 20 15:15:16 Saved as file ~undo.max
Tue Dec 20 15:16:34 Saved as file ~undo.max
Tue Dec 20 15:19:40 Saved as file ~undo.max
Tue Dec 20 15:20:21 Saved as file ~undo.max
Tue Dec 20 15:22:47 Saved as file BACKUP1.MAX
Tue Dec 20 15:22:56 Saved as file ~undo.max
Tue Dec 20 15:23:24 Saved as file ~undo.max
Tue Dec 20 15:23:30 Saved as file ~undo.max
Tue Dec 20 15:23:45 Saved as file ~undo.max
Tue Dec 20 15:24:45 Saved as file ~undo.max
Tue Dec 20 15:28:41 Saved as file ~undo.max
Tue Dec 20 15:30:04 Saved as file ~undo.max
Tue Dec 20 15:30:29 Saved as file ~undo.max
Tue Dec 20 15:30:47 Saved as file ~undo.max
Tue Dec 20 15:31:20 Saved as file ~undo.max
Tue Dec 20 15:31:56 Saved as file ~undo.max
Tue Dec 20 15:33:02 Saved as file ~undo.max
Tue Dec 20 15:33:11 Saved as file ~undo.max
Tue Dec 20 15:33:30 Saved as file BACKUP1.MAX
Tue Dec 20 15:34:42 Saved as file ~undo.max
Tue Dec 20 15:35:32 Saved as file ~undo.max
Tue Dec 20 15:35:51 Saved as file ~undo.max
Tue Dec 20 15:37:08 Saved as file ~undo.max
Tue Dec 20 15:37:31 Saved as file ~undo.max
Tue Dec 20 15:37:35 Saved as file ~undo.max
Tue Dec 20 15:38:01 Saved as file ~undo.max
Tue Dec 20 15:39:38 Saved as file ~undo.max
Tue Dec 20 15:40:05 Saved as file ~undo.max
Tue Dec 20 15:43:47 Saved as file BACKUP1.MAX
Tue Dec 20 15:44:26 Saved as file G:\DRM V3R3\DRM1-32.MAX
Tue Dec 20 15:47:47 Saved as file G:\DRM V3R3\DRM1-32.MAX
Wed Dec 21 10:04:25 Saved as file ~undo.max
Wed Dec 21 10:04:28 Saved as file ~undo.max
Wed Dec 21 10:06:39 Saved as file ~undo.max
Wed Dec 21 10:08:31 Saved as file G:\DRM V3R3\DRM1-32.MAX
Wed Dec 21 10:09:42 Saved as file ~undo.max
Wed Dec 21 10:09:48 Saved as file G:\DRM V3R3\DRM1-32.MAX
Wed Dec 21 10:09:51 Saved as file ~undo.max
Wed Dec 21 10:11:11 Saved as file BACKUP1.MAX
Wed Dec 21 10:11:29 Saved as file ~undo.max
Wed Dec 21 10:11:55 Saved as file ~undo.max
Wed Dec 21 10:12:08 Saved as file ~undo.max
Wed Dec 21 10:12:10 Saved as file ~undo.max
Wed Dec 21 10:12:18 Saved as file ~undo.max
Wed Dec 21 10:12:21 Saved as file ~undo.max
Wed Dec 21 10:13:31 Saved as file ~undo.max
Wed Dec 21 10:15:47 Saved as file ~undo.max
Wed Dec 21 10:17:03 Saved as file ~undo.max
Wed Dec 21 10:18:26 Saved as file ~undo.max
Wed Dec 21 10:18:31 Saved as file ~undo.max
Wed Dec 21 10:18:33 Saved as file ~undo.max
Wed Dec 21 10:18:36 Saved as file ~undo.max
Wed Dec 21 10:19:10 Saved as file ~undo.max
Wed Dec 21 10:20:50 Saved as file ~undo.max
Wed Dec 21 10:21:41 Saved as file BACKUP1.MAX
Wed Dec 21 10:22:39 Saved as file ~undo.max
Wed Dec 21 10:22:57 Saved as file ~undo.max
Wed Dec 21 10:24:09 Saved as file ~undo.max
Wed Dec 21 10:24:22 Saved as file ~undo.max
Wed Dec 21 10:24:55 Saved as file G:\DRM V3R3\DRM1-32.MAX
Wed Dec 21 10:25:43 Saved as file ~undo.max
Wed Dec 21 10:27:16 Saved as file G:\DRM V3R3\DRM1-32.MAX
Wed Dec 21 10:30:01 Saved as file G:\DRM V3R3\DRM1-32.MAX
Wed Dec 21 10:32:11 Saved as file BACKUP1.MAX
Wed Dec 21 10:42:41 Saved as file BACKUP1.MAX
Wed Dec 21 10:53:11 Saved as file BACKUP1.MAX
Wed Dec 21 11:03:41 Saved as file BACKUP1.MAX
Wed Dec 21 11:13:22 Saved as file ~undo.max
Wed Dec 21 11:13:29 Saved as file ~undo.max
Wed Dec 21 11:13:39 Saved as file ~undo.max
Wed Dec 21 11:13:57 Saved as file BACKUP1.MAX
Wed Dec 21 11:15:06 Saved as file G:\DRM V3R3\DRM1-32.MAX
Wed Dec 21 11:24:11 Saved as file BACKUP1.MAX
Wed Dec 21 11:30:15 Saved as file G:\DRM V3R3\DRM1-32.MAX
Wed Dec 21 11:30:18 Saved as file G:\DRM V3R3\DRM1-32.MAX
Wed Dec 21 11:33:42 Saved as file G:\DRM V3R3\DRM1-32.MAX
Wed Dec 21 11:34:24 Saved as file G:\DRM V3R3\DRM1-32.MAX
Wed Dec 21 11:34:41 Saved as file BACKUP1.MAX
Wed Dec 21 11:45:11 Saved as file BACKUP1.MAX
Wed Dec 21 11:55:41 Saved as file BACKUP1.MAX
                                               Wed Dec 21 14:27:02 Saved as file G:\DRM V3R3\DRM1-32.MAX
Wed Dec 21 14:31:46 Saved as file G:\DRM V3R3\DRM1-32.MAX
Wed Dec 21 14:34:29 Saved as file BACKUP1.MAX
Wed Dec 21 14:44:59 Saved as file BACKUP1.MAX
Wed Dec 21 14:46:39 Saved as file G:\DRM V3R3\DRM1-32.MAX
Wed Dec 21 14:48:58 Saved as file G:\DRM V3R3\DRM1-32.MAX
Wed Dec 21 14:50:41 Saved as file G:\DRM V3R3\DRM1-32.MAX
Wed Dec 21 14:55:29 Saved as file BACKUP1.MAX
Wed Dec 21 15:05:59 Saved as file BACKUP1.MAX
Wed Dec 21 15:16:29 Saved as file BACKUP1.MAX
Wed Dec 21 15:26:59 Saved as file BACKUP1.MAX
Wed Dec 21 15:28:12 Saved as file G:\DRM V3R3\DRM1-32.MAX
Wed Dec 21 15:29:52 Saved as file G:\DRM V3R3\DRM1-32.MAX
Wed Dec 21 15:36:27 Saved as file ~undo.max
Wed Dec 21 15:36:31 Saved as file ~undo.max
Wed Dec 21 15:37:29 Saved as file BACKUP1.MAX
Wed Dec 21 15:38:16 Saved as file G:\DRM V3R3\DRM1-32.MAX
Wed Dec 21 15:47:59 Saved as file BACKUP1.MAX
Wed Dec 21 15:49:20 Saved as file G:\DRM V3R3\DRM1-32.MAX
Fri Dec 23 09:53:29 Saved as file G:\DRM V3R3\DRM1-32.MAX
Fri Dec 23 09:59:57 Saved as file ~undo.max
Fri Dec 23 10:01:06 Saved as file G:\DRM V3R3\DRM1-32.MAX
Fri Dec 23 10:01:25 Saved as file BACKUP1.MAX
Fri Dec 23 10:04:40 Saved as file G:\DRM V3R3\DRM1-32.MAX
Fri Dec 23 10:08:41 Saved as file G:\DRM V3R3\DRM1-32.MAX
Fri Dec 23 10:08:43 Saved as file ~undo.max
Fri Dec 23 10:09:28 Saved as file G:\DRM V3R3\DRM1-32.MAX
Fri Dec 23 10:12:00 Saved as file G:\DRM V3R3\DRM1-32.MAX
Fri Dec 23 10:14:54 Saved as file BACKUP1.MAX
Fri Dec 23 10:19:24 Saved as file G:\DRM V3R3\DRM1-32_N.MAX
Fri Dec 23 10:26:24 Saved as file BACKUP1.MAX
Fri Dec 23 10:31:26 Saved as file G:\DRM V3R3\DRM1-32_N.MAX
Fri Dec 23 10:32:03 Saved as file G:\DRM V3R3\DRM1-32_N.MAX
Fri Dec 23 10:32:36 Saved as file G:\DRM V3R3\DRM1-32_N.MAX
Fri Dec 23 10:32:59 Saved as file G:\DRM V3R3\DRM1-32_N.MAX
Fri Dec 23 10:37:45 Saved as file BACKUP1.MAX
Fri Dec 23 10:55:36 Saved as file BACKUP1.MAX
Fri Dec 23 11:06:06 Saved as file BACKUP1.MAX
Fri Dec 23 11:16:36 Saved as file BACKUP1.MAX
Fri Dec 23 11:27:06 Saved as file BACKUP1.MAX
Fri Dec 23 11:37:36 Saved as file BACKUP1.MAX
Fri Dec 23 11:48:06 Saved as file BACKUP1.MAX
Fri Dec 23 11:58:36 Saved as file BACKUP1.MAX
Fri Dec 23 12:09:06 Saved as file BACKUP1.MAX
Fri Dec 23 12:19:36 Saved as file BACKUP1.MAX
Fri Dec 23 12:30:06 Saved as file BACKUP1.MAX
Fri Dec 23 12:40:36 Saved as file BACKUP1.MAX
Fri Dec 23 12:51:06 Saved as file BACKUP1.MAX
Fri Dec 23 13:01:36 Saved as file BACKUP1.MAX
Fri Dec 23 13:12:06 Saved as file BACKUP1.MAX
Fri Dec 23 13:22:36 Saved as file BACKUP1.MAX
Fri Dec 23 13:33:06 Saved as file BACKUP1.MAX
Fri Dec 23 13:43:36 Saved as file BACKUP1.MAX
Fri Dec 23 13:54:06 Saved as file BACKUP1.MAX
Fri Dec 23 14:04:36 Saved as file BACKUP1.MAX
Fri Dec 23 14:15:06 Saved as file BACKUP1.MAX
Fri Dec 23 14:25:36 Saved as file BACKUP1.MAX
Mon Dec 26 11:03:55 Error code 0037.386 (716)
Mon Dec 26 11:03:55 Saved as file Backup0.max
Mon Dec 26 11:03:55 Windows which were open at time of error:
Mon Dec 26 11:03:55 	ActiveWindow: &Design
Mon Dec 26 11:03:55 	Icon: &Components
Mon Dec 26 11:03:55 	Icon: &Nets
Mon Dec 26 11:03:55 	Icon: Post Proces&s
Mon Dec 26 11:03:55 End-of-list
Mon Dec 26 11:03:56 Loaded file BACKUP0.MAX
Mon Dec 26 11:03:56 Saved as file BACKUP1.MAX
Mon Dec 26 11:14:26 Saved as file BACKUP1.MAX
Mon Dec 26 11:14:26 Saved as file BACKUP1.MAX
Mon Dec 26 11:24:56 Saved as file BACKUP1.MAX
Mon Dec 26 11:24:56 Saved as file BACKUP1.MAX
Mon Dec 26 11:35:26 Saved as file BACKUP1.MAX
Mon Dec 26 11:35:31 Saved as file ~undo.max
Mon Dec 26 11:35:49 Saved as file ~undo.max
Mon Dec 26 11:36:08 Saved as file BACKUP1.MAX
Mon Dec 26 11:37:02 Saved as file ~undo.max
Mon Dec 26 11:37:05 Saved as file ~undo.max
Mon Dec 26 11:37:27 Saved as file ~undo.max
Mon Dec 26 11:37:48 Saved as file ~undo.max
Mon Dec 26 11:37:49 Saved as file ~undo.max
Mon Dec 26 11:40:03 Saved as file ~undo.max
Mon Dec 26 11:40:05 Saved as file ~undo.max
Mon Dec 26 11:40:52 Saved as file ~undo.max
Mon Dec 26 11:40:53 Saved as file ~undo.max
Mon Dec 26 11:41:42 Saved as file ~undo.max
Mon Dec 26 11:41:43 Saved as file ~undo.max
Mon Dec 26 11:42:46 Saved as file ~undo.max
Mon Dec 26 11:42:48 Saved as file ~undo.max
Mon Dec 26 11:43:27 Saved as file ~undo.max
Mon Dec 26 11:43:31 Saved as file ~undo.max
Mon Dec 26 11:44:53 Saved as file ~undo.max
Mon Dec 26 11:44:55 Saved as file ~undo.max
Mon Dec 26 11:45:54 Saved as file ~undo.max
Mon Dec 26 11:45:56 Saved as file BACKUP1.MAX
Mon Dec 26 11:45:56 Saved as file ~undo.max
Mon Dec 26 11:46:14 Saved as file BACKUP1.MAX
Mon Dec 26 11:53:59 Saved as file ~undo.max
Mon Dec 26 11:55:12 Saved as file ~undo.max
Mon Dec 26 11:55:43 Saved as file ~undo.max
Mon Dec 26 11:56:12 Saved as file ~undo.max
Mon Dec 26 11:56:26 Saved as file BACKUP1.MAX
Mon Dec 26 11:56:26 Saved as file BACKUP1.MAX
Mon Dec 26 11:56:40 Saved as file ~undo.max
Mon Dec 26 11:58:56 Saved as file ~undo.max
Mon Dec 26 11:59:57 Saved as file ~undo.max
Mon Dec 26 12:00:01 Saved as file ~undo.max
Mon Dec 26 12:01:26 Saved as file ~undo.max
Mon Dec 26 12:02:08 Saved as file ~undo.max
Mon Dec 26 12:02:20 Saved as file ~undo.max
Mon Dec 26 12:03:01 Saved as file ~undo.max
Mon Dec 26 12:05:08 Saved as file ~undo.max
Mon Dec 26 12:06:43 Saved as file ~undo.max
Mon Dec 26 12:06:56 Saved as file BACKUP1.MAX
Mon Dec 26 12:07:02 Saved as file BACKUP1.MAX
Mon Dec 26 12:09:12 Saved as file ~undo.max
Mon Dec 26 12:09:18 Saved as file ~undo.max
Mon Dec 26 12:09:20 Saved as file ~undo.max
Mon Dec 26 12:09:32 Saved as file ~undo.max
Mon Dec 26 12:09:48 Saved as file ~undo.max
Mon Dec 26 12:10:01 Saved as file ~undo.max
Mon Dec 26 12:10:19 Saved as file ~undo.max
Mon Dec 26 12:10:49 Saved as file G:\DRM V3R4\DRM1-32_N.MAX
Mon Dec 26 12:11:36 Saved as file G:\DRM V3R4\DRM1-32_N.MAX
Mon Dec 26 12:12:35 Saved as file G:\DRM V3R4\DRM1-32_N.MAX
Mon Dec 26 12:13:22 Saved as file ~undo.max
Mon Dec 26 12:15:48 Saved as file G:\DRM V3R4\DRM1-32_N.MAX
Mon Dec 26 12:15:55 Saved as file G:\DRM V3R4\DRM1-32_N.MAX
Mon Dec 26 12:17:26 Saved as file BACKUP1.MAX
Mon Dec 26 12:17:56 Saved as file BACKUP1.MAX
Mon Dec 26 12:27:56 Saved as file BACKUP1.MAX
Mon Dec 26 12:28:26 Saved as file BACKUP1.MAX
Mon Dec 26 12:31:53 Saved as file G:\DRM V3R4\DRM1-32_N.MAX
Mon Dec 26 12:33:03 Saved as file G:\DRM V3R4\DRM1-32_N.MAX
Mon Dec 26 12:43:09 Saved as file BACKUP1.MAX
Mon Dec 26 12:53:39 Saved as file BACKUP1.MAX
Mon Dec 26 13:04:09 Saved as file BACKUP1.MAX
Mon Dec 26 13:14:39 Saved as file BACKUP1.MAX
Mon Dec 26 13:25:09 Saved as file BACKUP1.MAX
Mon Dec 26 13:35:39 Saved as file BACKUP1.MAX
Mon Dec 26 13:46:09 Saved as file BACKUP1.MAX
Mon Dec 26 13:56:39 Saved as file BACKUP1.MAX
Mon Dec 26 14:07:09 Saved as file BACKUP1.MAX
Mon Dec 26 14:17:39 Saved as file BACKUP1.MAX
Mon Dec 26 14:28:09 Saved as file BACKUP1.MAX
Mon Dec 26 14:38:39 Saved as file BACKUP1.MAX
Mon Dec 26 14:49:09 Saved as file BACKUP1.MAX
Mon Dec 26 14:59:39 Saved as file BACKUP1.MAX
Mon Dec 26 15:10:09 Saved as file BACKUP1.MAX
Tue Dec 27 08:51:26 Saved as file ~undo.max
Tue Dec 27 08:51:28 Saved as file ~undo.max
Tue Dec 27 08:51:35 Saved as file ~undo.max
Tue Dec 27 08:52:20 Saved as file ~undo.max
Tue Dec 27 08:52:21 Saved as file ~undo.max
Tue Dec 27 08:52:32 Saved as file ~undo.max
Tue Dec 27 08:52:50 Saved as file ~undo.max
Tue Dec 27 08:54:25 Saved as file G:\DRM V3R5\DRM1-32_N.MAX
Tue Dec 27 08:55:11 Saved as file G:\DRM V3R5\DRM1-32_N.MAX
Tue Dec 27 08:57:14 Saved as file G:\DRM V3R5\DRM1-32_N.MAX
Tue Dec 27 08:57:57 Saved as file G:\DRM V3R5\DRM1-32_N.MAX
Tue Dec 27 08:58:00 Saved as file G:\DRM V3R5\DRM1-32_N.MAX
Tue Dec 27 08:58:47 Saved as file G:\DRM V3R5\DRM1-33_N.MAX
Tue Dec 27 09:03:22 Saved as file BACKUP1.MAX
Tue Dec 27 09:13:52 Saved as file BACKUP1.MAX
Tue Dec 27 09:24:22 Saved as file BACKUP1.MAX
Tue Dec 27 09:34:52 Saved as file BACKUP1.MAX
Tue Dec 27 09:45:22 Saved as file BACKUP1.MAX
Tue Dec 27 09:55:52 Saved as file BACKUP1.MAX
Tue Dec 27 10:06:22 Saved as file BACKUP1.MAX
Tue Dec 27 10:16:52 Saved as file BACKUP1.MAX
Tue Dec 27 10:27:22 Saved as file BACKUP1.MAX
Tue Dec 27 10:37:52 Saved as file BACKUP1.MAX
Tue Dec 27 10:48:22 Saved as file BACKUP1.MAX
Tue Dec 27 10:58:52 Saved as file BACKUP1.MAX
Tue Dec 27 11:09:22 Saved as file BACKUP1.MAX
Tue Dec 27 11:19:52 Saved as file BACKUP1.MAX
Tue Dec 27 11:30:22 Saved as file BACKUP1.MAX
Tue Dec 27 11:40:52 Saved as file BACKUP1.MAX
Tue Dec 27 11:51:22 Saved as file BACKUP1.MAX
Tue Dec 27 12:01:52 Saved as file BACKUP1.MAX
Tue Dec 27 12:12:22 Saved as file BACKUP1.MAX
Tue Dec 27 12:22:52 Saved as file BACKUP1.MAX
Tue Dec 27 12:33:22 Saved as file BACKUP1.MAX
Tue Dec 27 12:43:52 Saved as file BACKUP1.MAX
Tue Dec 27 12:54:22 Saved as file BACKUP1.MAX
Tue Dec 27 13:04:52 Saved as file BACKUP1.MAX
Tue Dec 27 13:15:22 Saved as file BACKUP1.MAX
Tue Dec 27 13:25:52 Saved as file BACKUP1.MAX
Thu Dec 29 09:51:58 Saved as file BACKUP1.MAX
Thu Dec 29 10:08:16 Saved as file BACKUP1.MAX
Thu Dec 29 10:08:26 Saved as file G:\DRM V3R5\DRM1-33_N.MAX
Wed Jan 04 08:40:44 Saved as file BACKUP1.MAX
Wed Jan 04 08:51:14 Saved as file BACKUP1.MAX
Wed Jan 04 09:01:44 Saved as file BACKUP1.MAX
Wed Jan 04 09:12:14 Saved as file BACKUP1.MAX
Wed Jan 04 09:22:44 Saved as file BACKUP1.MAX
Wed Jan 04 09:33:14 Saved as file BACKUP1.MAX
Wed Jan 04 09:43:44 Saved as file BACKUP1.MAX
Wed Jan 04 09:54:14 Saved as file BACKUP1.MAX
Wed Jan 04 10:04:44 Saved as file BACKUP1.MAX
Wed Jan 04 10:15:14 Saved as file BACKUP1.MAX
Thu Jan 12 12:04:01 Loaded file C:\OrCAD\OrCAD_10.5\tools\Layout\data\DEFAULT.MAX
Thu Feb 09 12:41:20 Saved as file BACKUP1.MAX
Thu Feb 09 12:52:50 Saved as file BACKUP1.MAX
Thu Feb 09 13:01:46 Loaded file G:\DRM V3R5\DRM1-33_N.MAX
Thu Feb 09 13:11:22 Saved as file ~undo.max
Thu Feb 09 13:12:26 Saved as file BACKUP1.MAX
Thu Feb 09 13:12:27 Saved as file ~undo.max
Fri Feb 10 08:35:36 Saved as file BACKUP1.MAX
